2023-03-10T10:34:56.1432904+05:30 [WRN] (Microsoft.EntityFrameworkCore.Model.Validation) No type was specified for the decimal property '"NewBalance"' on entity type '"AdjustLeave"'. This will cause values to be silently truncated if they do not fit in the default precision and scale. Explicitly specify the SQL server column type that can accommodate all the values in 'OnModelCreating' using 'HasColumnType()', specify precision and scale using 'HasPrecision()' or configure a value converter using 'HasConversion()'.
2023-03-10T10:34:56.2179598+05:30 [WRN] (Microsoft.EntityFrameworkCore.Model.Validation) No type was specified for the decimal property '"LeaveCount"' on entity type '"ApplyLeaveDetails"'. This will cause values to be silently truncated if they do not fit in the default precision and scale. Explicitly specify the SQL server column type that can accommodate all the values in 'OnModelCreating' using 'HasColumnType()', specify precision and scale using 'HasPrecision()' or configure a value converter using 'HasConversion()'.
2023-03-10T10:34:56.2186972+05:30 [WRN] (Microsoft.EntityFrameworkCore.Model.Validation) No type was specified for the decimal property '"NoOfLeaves"' on entity type '"ApplyLeaveType"'. This will cause values to be silently truncated if they do not fit in the default precision and scale. Explicitly specify the SQL server column type that can accommodate all the values in 'OnModelCreating' using 'HasColumnType()', specify precision and scale using 'HasPrecision()' or configure a value converter using 'HasConversion()'.
2023-03-10T10:34:56.2188022+05:30 [WRN] (Microsoft.EntityFrameworkCore.Model.Validation) No type was specified for the decimal property '"UADays"' on entity type '"Attendance"'. This will cause values to be silently truncated if they do not fit in the default precision and scale. Explicitly specify the SQL server column type that can accommodate all the values in 'OnModelCreating' using 'HasColumnType()', specify precision and scale using 'HasPrecision()' or configure a value converter using 'HasConversion()'.
2023-03-10T10:34:56.2188444+05:30 [WRN] (Microsoft.EntityFrameworkCore.Model.Validation) No type was specified for the decimal property '"LOP"' on entity type '"AttendanceSum"'. This will cause values to be silently truncated if they do not fit in the default precision and scale. Explicitly specify the SQL server column type that can accommodate all the values in 'OnModelCreating' using 'HasColumnType()', specify precision and scale using 'HasPrecision()' or configure a value converter using 'HasConversion()'.
2023-03-10T10:34:56.2188806+05:30 [WRN] (Microsoft.EntityFrameworkCore.Model.Validation) No type was specified for the decimal property '"NoOfLeaves"' on entity type '"AttendanceSum"'. This will cause values to be silently truncated if they do not fit in the default precision and scale. Explicitly specify the SQL server column type that can accommodate all the values in 'OnModelCreating' using 'HasColumnType()', specify precision and scale using 'HasPrecision()' or configure a value converter using 'HasConversion()'.
2023-03-10T10:34:56.2189096+05:30 [WRN] (Microsoft.EntityFrameworkCore.Model.Validation) No type was specified for the decimal property '"Present"' on entity type '"AttendanceSum"'. This will cause values to be silently truncated if they do not fit in the default precision and scale. Explicitly specify the SQL server column type that can accommodate all the values in 'OnModelCreating' using 'HasColumnType()', specify precision and scale using 'HasPrecision()' or configure a value converter using 'HasConversion()'.
2023-03-10T10:34:56.2189403+05:30 [WRN] (Microsoft.EntityFrameworkCore.Model.Validation) No type was specified for the decimal property '"Unauthorized"' on entity type '"AttendanceSum"'. This will cause values to be silently truncated if they do not fit in the default precision and scale. Explicitly specify the SQL server column type that can accommodate all the values in 'OnModelCreating' using 'HasColumnType()', specify precision and scale using 'HasPrecision()' or configure a value converter using 'HasConversion()'.
2023-03-10T10:34:56.2190405+05:30 [WRN] (Microsoft.EntityFrameworkCore.Model.Validation) No type was specified for the decimal property '"Leaves"' on entity type '"EmployeeLeaveBalanceQry"'. This will cause values to be silently truncated if they do not fit in the default precision and scale. Explicitly specify the SQL server column type that can accommodate all the values in 'OnModelCreating' using 'HasColumnType()', specify precision and scale using 'HasPrecision()' or configure a value converter using 'HasConversion()'.
2023-03-10T10:34:56.2190951+05:30 [WRN] (Microsoft.EntityFrameworkCore.Model.Validation) No type was specified for the decimal property '"Leaves"' on entity type '"LeaveBalance"'. This will cause values to be silently truncated if they do not fit in the default precision and scale. Explicitly specify the SQL server column type that can accommodate all the values in 'OnModelCreating' using 'HasColumnType()', specify precision and scale using 'HasPrecision()' or configure a value converter using 'HasConversion()'.
2023-03-10T10:34:56.2191323+05:30 [WRN] (Microsoft.EntityFrameworkCore.Model.Validation) No type was specified for the decimal property '"Leaves"' on entity type '"LeaveBalancesQry"'. This will cause values to be silently truncated if they do not fit in the default precision and scale. Explicitly specify the SQL server column type that can accommodate all the values in 'OnModelCreating' using 'HasColumnType()', specify precision and scale using 'HasPrecision()' or configure a value converter using 'HasConversion()'.
2023-03-10T10:34:56.2191775+05:30 [WRN] (Microsoft.EntityFrameworkCore.Model.Validation) No type was specified for the decimal property '"MaxApplications"' on entity type '"LeaveType"'. This will cause values to be silently truncated if they do not fit in the default precision and scale. Explicitly specify the SQL server column type that can accommodate all the values in 'OnModelCreating' using 'HasColumnType()', specify precision and scale using 'HasPrecision()' or configure a value converter using 'HasConversion()'.
2023-03-10T10:34:56.2192051+05:30 [WRN] (Microsoft.EntityFrameworkCore.Model.Validation) No type was specified for the decimal property '"MaxLeaves"' on entity type '"LeaveType"'. This will cause values to be silently truncated if they do not fit in the default precision and scale. Explicitly specify the SQL server column type that can accommodate all the values in 'OnModelCreating' using 'HasColumnType()', specify precision and scale using 'HasPrecision()' or configure a value converter using 'HasConversion()'.
2023-03-10T10:34:56.2192347+05:30 [WRN] (Microsoft.EntityFrameworkCore.Model.Validation) No type was specified for the decimal property '"MinLeaves"' on entity type '"LeaveType"'. This will cause values to be silently truncated if they do not fit in the default precision and scale. Explicitly specify the SQL server column type that can accommodate all the values in 'OnModelCreating' using 'HasColumnType()', specify precision and scale using 'HasPrecision()' or configure a value converter using 'HasConversion()'.
2023-03-10T10:34:56.2193572+05:30 [WRN] (Microsoft.EntityFrameworkCore.Model.Validation) No type was specified for the decimal property '"Percentage"' on entity type '"EmployeeEducation"'. This will cause values to be silently truncated if they do not fit in the default precision and scale. Explicitly specify the SQL server column type that can accommodate all the values in 'OnModelCreating' using 'HasColumnType()', specify precision and scale using 'HasPrecision()' or configure a value converter using 'HasConversion()'.
2023-03-10T10:34:56.2194705+05:30 [WRN] (Microsoft.EntityFrameworkCore.Model.Validation) No type was specified for the decimal property '"NumberOfDays"' on entity type '"Latecomers"'. This will cause values to be silently truncated if they do not fit in the default precision and scale. Explicitly specify the SQL server column type that can accommodate all the values in 'OnModelCreating' using 'HasColumnType()', specify precision and scale using 'HasPrecision()' or configure a value converter using 'HasConversion()'.
2023-03-10T10:34:56.2195730+05:30 [WRN] (Microsoft.EntityFrameworkCore.Model.Validation) No type was specified for the decimal property '"EducationCess"' on entity type '"DeclarationSetting"'. This will cause values to be silently truncated if they do not fit in the default precision and scale. Explicitly specify the SQL server column type that can accommodate all the values in 'OnModelCreating' using 'HasColumnType()', specify precision and scale using 'HasPrecision()' or configure a value converter using 'HasConversion()'.
2023-03-10T10:34:56.2196195+05:30 [WRN] (Microsoft.EntityFrameworkCore.Model.Validation) No type was specified for the decimal property '"EmployeesCont"' on entity type '"ESI"'. This will cause values to be silently truncated if they do not fit in the default precision and scale. Explicitly specify the SQL server column type that can accommodate all the values in 'OnModelCreating' using 'HasColumnType()', specify precision and scale using 'HasPrecision()' or configure a value converter using 'HasConversion()'.
2023-03-10T10:34:56.2196548+05:30 [WRN] (Microsoft.EntityFrameworkCore.Model.Validation) No type was specified for the decimal property '"EmployerCont"' on entity type '"ESI"'. This will cause values to be silently truncated if they do not fit in the default precision and scale. Explicitly specify the SQL server column type that can accommodate all the values in 'OnModelCreating' using 'HasColumnType()', specify precision and scale using 'HasPrecision()' or configure a value converter using 'HasConversion()'.
2023-03-10T10:34:56.2197429+05:30 [WRN] (Microsoft.EntityFrameworkCore.Model.Validation) No type was specified for the decimal property '"Days"' on entity type '"PayMonth"'. This will cause values to be silently truncated if they do not fit in the default precision and scale. Explicitly specify the SQL server column type that can accommodate all the values in 'OnModelCreating' using 'HasColumnType()', specify precision and scale using 'HasPrecision()' or configure a value converter using 'HasConversion()'.
2023-03-10T10:34:56.2197923+05:30 [WRN] (Microsoft.EntityFrameworkCore.Model.Validation) No type was specified for the decimal property '"LCDays"' on entity type '"PaySheet"'. This will cause values to be silently truncated if they do not fit in the default precision and scale. Explicitly specify the SQL server column type that can accommodate all the values in 'OnModelCreating' using 'HasColumnType()', specify precision and scale using 'HasPrecision()' or configure a value converter using 'HasConversion()'.
2023-03-10T10:34:56.2198463+05:30 [WRN] (Microsoft.EntityFrameworkCore.Model.Validation) No type was specified for the decimal property '"LOPDays"' on entity type '"PaySheet"'. This will cause values to be silently truncated if they do not fit in the default precision and scale. Explicitly specify the SQL server column type that can accommodate all the values in 'OnModelCreating' using 'HasColumnType()', specify precision and scale using 'HasPrecision()' or configure a value converter using 'HasConversion()'.
2023-03-10T10:34:56.2198967+05:30 [WRN] (Microsoft.EntityFrameworkCore.Model.Validation) No type was specified for the decimal property '"PresentDays"' on entity type '"PaySheet"'. This will cause values to be silently truncated if they do not fit in the default precision and scale. Explicitly specify the SQL server column type that can accommodate all the values in 'OnModelCreating' using 'HasColumnType()', specify precision and scale using 'HasPrecision()' or configure a value converter using 'HasConversion()'.
2023-03-10T10:34:56.2199279+05:30 [WRN] (Microsoft.EntityFrameworkCore.Model.Validation) No type was specified for the decimal property '"UADays"' on entity type '"PaySheet"'. This will cause values to be silently truncated if they do not fit in the default precision and scale. Explicitly specify the SQL server column type that can accommodate all the values in 'OnModelCreating' using 'HasColumnType()', specify precision and scale using 'HasPrecision()' or configure a value converter using 'HasConversion()'.
2023-03-10T10:34:56.2199829+05:30 [WRN] (Microsoft.EntityFrameworkCore.Model.Validation) No type was specified for the decimal property '"WorkDays"' on entity type '"PaySheet"'. This will cause values to be silently truncated if they do not fit in the default precision and scale. Explicitly specify the SQL server column type that can accommodate all the values in 'OnModelCreating' using 'HasColumnType()', specify precision and scale using 'HasPrecision()' or configure a value converter using 'HasConversion()'.
2023-03-10T10:34:56.2200692+05:30 [WRN] (Microsoft.EntityFrameworkCore.Model.Validation) No type was specified for the decimal property '"Percentage"' on entity type '"SalaryEarning"'. This will cause values to be silently truncated if they do not fit in the default precision and scale. Explicitly specify the SQL server column type that can accommodate all the values in 'OnModelCreating' using 'HasColumnType()', specify precision and scale using 'HasPrecision()' or configure a value converter using 'HasConversion()'.
2023-03-10T10:34:56.2201131+05:30 [WRN] (Microsoft.EntityFrameworkCore.Model.Validation) No type was specified for the decimal property '"Percentage"' on entity type '"SalaryEarningHistory"'. This will cause values to be silently truncated if they do not fit in the default precision and scale. Explicitly specify the SQL server column type that can accommodate all the values in 'OnModelCreating' using 'HasColumnType()', specify precision and scale using 'HasPrecision()' or configure a value converter using 'HasConversion()'.
2023-03-10T10:34:56.2201523+05:30 [WRN] (Microsoft.EntityFrameworkCore.Model.Validation) No type was specified for the decimal property '"AnnualCTC"' on entity type '"SalaryHistory"'. This will cause values to be silently truncated if they do not fit in the default precision and scale. Explicitly specify the SQL server column type that can accommodate all the values in 'OnModelCreating' using 'HasColumnType()', specify precision and scale using 'HasPrecision()' or configure a value converter using 'HasConversion()'.
2023-03-10T10:34:56.2201831+05:30 [WRN] (Microsoft.EntityFrameworkCore.Model.Validation) No type was specified for the decimal property '"CostToCompany"' on entity type '"SalaryHistory"'. This will cause values to be silently truncated if they do not fit in the default precision and scale. Explicitly specify the SQL server column type that can accommodate all the values in 'OnModelCreating' using 'HasColumnType()', specify precision and scale using 'HasPrecision()' or configure a value converter using 'HasConversion()'.
2023-03-10T10:34:56.2202122+05:30 [WRN] (Microsoft.EntityFrameworkCore.Model.Validation) No type was specified for the decimal property '"MonthlyCTC"' on entity type '"SalaryHistory"'. This will cause values to be silently truncated if they do not fit in the default precision and scale. Explicitly specify the SQL server column type that can accommodate all the values in 'OnModelCreating' using 'HasColumnType()', specify precision and scale using 'HasPrecision()' or configure a value converter using 'HasConversion()'.
2023-03-10T10:34:59.6805412+05:30 [INF] (TranSmart.API.Controllers.ValuesController) Writing to log file with INFORMATION severity level.
2023-03-10T10:34:59.6822501+05:30 [DBG] (TranSmart.API.Controllers.ValuesController) Writing to log file with DEBUG severity level.
2023-03-10T10:34:59.6823111+05:30 [WRN] (TranSmart.API.Controllers.ValuesController) Writing to log file with WARNING severity level.
2023-03-10T10:34:59.6823477+05:30 [ERR] (TranSmart.API.Controllers.ValuesController) Writing to log file with ERROR severity level.
2023-03-10T10:34:59.6823833+05:30 [FTL] (TranSmart.API.Controllers.ValuesController) Writing to log file with CRITICAL severity level.
2023-03-10T10:36:19.8300779+05:30 [DBG] (TranSmart.API.Controllers.AuthController) AuthController entered
2023-03-10T10:36:21.3613096+05:30 [INF] (TranSmart.API.Extensions.ApiKeyAuthenticationHandler) "x-api" was not authenticated. Failure message: "Unauthorized"
2023-03-10T10:36:21.3835699+05:30 [INF] (TranSmart.API.Extensions.ApiKeyAuthenticationHandler) "x-api" was not authenticated. Failure message: "Unauthorized"
2023-03-10T10:36:21.3835673+05:30 [INF] (TranSmart.API.Extensions.ApiKeyAuthenticationHandler) "x-api" was not authenticated. Failure message: "Unauthorized"
2023-03-10T10:36:21.3835673+05:30 [INF] (TranSmart.API.Extensions.ApiKeyAuthenticationHandler) "x-api" was not authenticated. Failure message: "Unauthorized"
2023-03-10T10:47:26.1531097+05:30 [INF] (TranSmart.API.Extensions.ApiKeyAuthenticationHandler) "x-api" was not authenticated. Failure message: "Unauthorized"
2023-03-10T10:47:26.1531097+05:30 [INF] (TranSmart.API.Extensions.ApiKeyAuthenticationHandler) "x-api" was not authenticated. Failure message: "Unauthorized"
2023-03-10T10:47:27.9464558+05:30 [INF] (TranSmart.API.Extensions.ApiKeyAuthenticationHandler) "x-api" was not authenticated. Failure message: "Unauthorized"
2023-03-10T10:47:31.4338663+05:30 [INF] (TranSmart.API.Extensions.ApiKeyAuthenticationHandler) "x-api" was not authenticated. Failure message: "Unauthorized"
2023-03-10T10:47:40.1782855+05:30 [INF] (TranSmart.API.Extensions.ApiKeyAuthenticationHandler) "x-api" was not authenticated. Failure message: "Unauthorized"
2023-03-10T10:47:40.2012343+05:30 [INF] (TranSmart.API.Extensions.ApiKeyAuthenticationHandler) "x-api" was not authenticated. Failure message: "Unauthorized"
2023-03-10T10:47:40.2129218+05:30 [INF] (TranSmart.API.Extensions.ApiKeyAuthenticationHandler) "x-api" was not authenticated. Failure message: "Unauthorized"
2023-03-10T10:47:40.2129218+05:30 [INF] (TranSmart.API.Extensions.ApiKeyAuthenticationHandler) "x-api" was not authenticated. Failure message: "Unauthorized"
2023-03-10T10:47:40.2512600+05:30 [INF] (TranSmart.API.Extensions.ApiKeyAuthenticationHandler) "x-api" was not authenticated. Failure message: "Unauthorized"
2023-03-10T10:47:40.3232278+05:30 [INF] (TranSmart.API.Extensions.ApiKeyAuthenticationHandler) "x-api" was not authenticated. Failure message: "Unauthorized"
2023-03-10T10:47:40.3481939+05:30 [INF] (TranSmart.API.Extensions.ApiKeyAuthenticationHandler) "x-api" was not authenticated. Failure message: "Unauthorized"
2023-03-10T10:47:40.3872773+05:30 [INF] (TranSmart.API.Extensions.ApiKeyAuthenticationHandler) "x-api" was not authenticated. Failure message: "Unauthorized"
2023-03-10T10:47:40.4139936+05:30 [INF] (TranSmart.API.Extensions.ApiKeyAuthenticationHandler) "x-api" was not authenticated. Failure message: "Unauthorized"
2023-03-10T10:47:45.9706573+05:30 [INF] (TranSmart.API.Extensions.ApiKeyAuthenticationHandler) "x-api" was not authenticated. Failure message: "Unauthorized"
2023-03-10T10:47:45.9936708+05:30 [INF] (TranSmart.API.Extensions.ApiKeyAuthenticationHandler) "x-api" was not authenticated. Failure message: "Unauthorized"
2023-03-10T10:47:45.9937328+05:30 [INF] (TranSmart.API.Extensions.ApiKeyAuthenticationHandler) "x-api" was not authenticated. Failure message: "Unauthorized"
2023-03-10T10:47:45.9936751+05:30 [INF] (TranSmart.API.Extensions.ApiKeyAuthenticationHandler) "x-api" was not authenticated. Failure message: "Unauthorized"
2023-03-10T10:47:46.0380281+05:30 [INF] (TranSmart.API.Extensions.ApiKeyAuthenticationHandler) "x-api" was not authenticated. Failure message: "Unauthorized"
2023-03-10T10:47:46.0775129+05:30 [INF] (TranSmart.API.Extensions.ApiKeyAuthenticationHandler) "x-api" was not authenticated. Failure message: "Unauthorized"
2023-03-10T10:47:46.1012984+05:30 [INF] (TranSmart.API.Extensions.ApiKeyAuthenticationHandler) "x-api" was not authenticated. Failure message: "Unauthorized"
2023-03-10T10:47:46.1587618+05:30 [INF] (TranSmart.API.Extensions.ApiKeyAuthenticationHandler) "x-api" was not authenticated. Failure message: "Unauthorized"
2023-03-10T10:47:46.1873123+05:30 [INF] (TranSmart.API.Extensions.ApiKeyAuthenticationHandler) "x-api" was not authenticated. Failure message: "Unauthorized"
2023-03-10T10:47:50.9193595+05:30 [INF] (TranSmart.API.Extensions.ApiKeyAuthenticationHandler) "x-api" was not authenticated. Failure message: "Unauthorized"
2023-03-10T10:47:50.9313418+05:30 [INF] (TranSmart.API.Extensions.ApiKeyAuthenticationHandler) "x-api" was not authenticated. Failure message: "Unauthorized"
2023-03-10T10:47:50.9313449+05:30 [INF] (TranSmart.API.Extensions.ApiKeyAuthenticationHandler) "x-api" was not authenticated. Failure message: "Unauthorized"
2023-03-10T10:47:50.9424428+05:30 [INF] (TranSmart.API.Extensions.ApiKeyAuthenticationHandler) "x-api" was not authenticated. Failure message: "Unauthorized"
2023-03-10T10:47:50.9704083+05:30 [INF] (TranSmart.API.Extensions.ApiKeyAuthenticationHandler) "x-api" was not authenticated. Failure message: "Unauthorized"
2023-03-10T10:47:50.9972359+05:30 [INF] (TranSmart.API.Extensions.ApiKeyAuthenticationHandler) "x-api" was not authenticated. Failure message: "Unauthorized"
2023-03-10T10:47:51.0249286+05:30 [INF] (TranSmart.API.Extensions.ApiKeyAuthenticationHandler) "x-api" was not authenticated. Failure message: "Unauthorized"
2023-03-10T10:47:51.0467690+05:30 [INF] (TranSmart.API.Extensions.ApiKeyAuthenticationHandler) "x-api" was not authenticated. Failure message: "Unauthorized"
2023-03-10T10:47:51.0740933+05:30 [INF] (TranSmart.API.Extensions.ApiKeyAuthenticationHandler) "x-api" was not authenticated. Failure message: "Unauthorized"
2023-03-10T10:48:22.4149797+05:30 [DBG] (TranSmart.API.Controllers.AuthController) AuthController entered
2023-03-10T10:48:22.4359281+05:30 [DBG] (TranSmart.API.Controllers.AuthController) AuthController left
2023-03-10T10:48:31.2201844+05:30 [DBG] (TranSmart.API.Controllers.AuthController) AuthController entered
2023-03-10T10:48:31.5230384+05:30 [INF] (TranSmart.API.Extensions.ApiKeyAuthenticationHandler) "x-api" was not authenticated. Failure message: "Unauthorized"
2023-03-10T10:48:31.5230384+05:30 [INF] (TranSmart.API.Extensions.ApiKeyAuthenticationHandler) "x-api" was not authenticated. Failure message: "Unauthorized"
2023-03-10T10:48:31.5230384+05:30 [INF] (TranSmart.API.Extensions.ApiKeyAuthenticationHandler) "x-api" was not authenticated. Failure message: "Unauthorized"
2023-03-10T10:48:31.5439947+05:30 [INF] (TranSmart.API.Extensions.ApiKeyAuthenticationHandler) "x-api" was not authenticated. Failure message: "Unauthorized"
2023-03-10T10:56:13.6875444+05:30 [INF] (TranSmart.API.Extensions.ApiKeyAuthenticationHandler) "x-api" was not authenticated. Failure message: "Unauthorized"
2023-03-10T10:56:13.6875445+05:30 [INF] (TranSmart.API.Extensions.ApiKeyAuthenticationHandler) "x-api" was not authenticated. Failure message: "Unauthorized"
2023-03-10T10:56:15.1915618+05:30 [INF] (TranSmart.API.Extensions.ApiKeyAuthenticationHandler) "x-api" was not authenticated. Failure message: "Unauthorized"
2023-03-10T10:56:17.2663562+05:30 [INF] (TranSmart.API.Extensions.ApiKeyAuthenticationHandler) "x-api" was not authenticated. Failure message: "Unauthorized"
2023-03-10T10:56:17.2778411+05:30 [INF] (TranSmart.API.Extensions.ApiKeyAuthenticationHandler) "x-api" was not authenticated. Failure message: "Unauthorized"
2023-03-10T10:56:17.3131350+05:30 [INF] (TranSmart.API.Extensions.ApiKeyAuthenticationHandler) "x-api" was not authenticated. Failure message: "Unauthorized"
2023-03-10T10:56:20.5898700+05:30 [INF] (TranSmart.API.Extensions.ApiKeyAuthenticationHandler) "x-api" was not authenticated. Failure message: "Unauthorized"
2023-03-10T10:56:20.6000600+05:30 [INF] (TranSmart.API.Extensions.ApiKeyAuthenticationHandler) "x-api" was not authenticated. Failure message: "Unauthorized"
2023-03-10T10:56:20.6110024+05:30 [INF] (TranSmart.API.Extensions.ApiKeyAuthenticationHandler) "x-api" was not authenticated. Failure message: "Unauthorized"
2023-03-10T10:56:20.6112968+05:30 [INF] (TranSmart.API.Extensions.ApiKeyAuthenticationHandler) "x-api" was not authenticated. Failure message: "Unauthorized"
2023-03-10T10:56:20.6236976+05:30 [INF] (TranSmart.API.Extensions.ApiKeyAuthenticationHandler) "x-api" was not authenticated. Failure message: "Unauthorized"
2023-03-10T10:56:20.6632494+05:30 [INF] (TranSmart.API.Extensions.ApiKeyAuthenticationHandler) "x-api" was not authenticated. Failure message: "Unauthorized"
2023-03-10T10:56:20.7213666+05:30 [INF] (TranSmart.API.Extensions.ApiKeyAuthenticationHandler) "x-api" was not authenticated. Failure message: "Unauthorized"
2023-03-10T10:56:20.7213640+05:30 [INF] (TranSmart.API.Extensions.ApiKeyAuthenticationHandler) "x-api" was not authenticated. Failure message: "Unauthorized"
2023-03-10T10:56:20.7213663+05:30 [INF] (TranSmart.API.Extensions.ApiKeyAuthenticationHandler) "x-api" was not authenticated. Failure message: "Unauthorized"
2023-03-10T10:56:20.7474443+05:30 [INF] (TranSmart.API.Extensions.ApiKeyAuthenticationHandler) "x-api" was not authenticated. Failure message: "Unauthorized"
2023-03-10T10:56:20.7718580+05:30 [INF] (TranSmart.API.Extensions.ApiKeyAuthenticationHandler) "x-api" was not authenticated. Failure message: "Unauthorized"
2023-03-10T11:57:11.4831887+05:30 [INF] (TranSmart.API.Extensions.ApiKeyAuthenticationHandler) "x-api" was not authenticated. Failure message: "Unauthorized"
2023-03-10T11:57:11.4831887+05:30 [INF] (TranSmart.API.Extensions.ApiKeyAuthenticationHandler) "x-api" was not authenticated. Failure message: "Unauthorized"
2023-03-10T11:57:13.0066593+05:30 [INF] (TranSmart.API.Extensions.ApiKeyAuthenticationHandler) "x-api" was not authenticated. Failure message: "Unauthorized"
2023-03-10T11:57:19.0257959+05:30 [INF] (TranSmart.API.Extensions.ApiKeyAuthenticationHandler) "x-api" was not authenticated. Failure message: "Unauthorized"
2023-03-10T11:57:36.1170360+05:30 [INF] (TranSmart.API.Extensions.ApiKeyAuthenticationHandler) "x-api" was not authenticated. Failure message: "Unauthorized"
2023-03-10T11:57:36.1170359+05:30 [INF] (TranSmart.API.Extensions.ApiKeyAuthenticationHandler) "x-api" was not authenticated. Failure message: "Unauthorized"
2023-03-10T11:57:39.7970073+05:30 [INF] (TranSmart.API.Extensions.ApiKeyAuthenticationHandler) "x-api" was not authenticated. Failure message: "Unauthorized"
2023-03-10T11:57:41.6021504+05:30 [INF] (TranSmart.API.Extensions.ApiKeyAuthenticationHandler) "x-api" was not authenticated. Failure message: "Unauthorized"
2023-03-10T11:58:00.8425310+05:30 [INF] (TranSmart.API.Extensions.ApiKeyAuthenticationHandler) "x-api" was not authenticated. Failure message: "Unauthorized"
2023-03-10T11:58:00.8425292+05:30 [INF] (TranSmart.API.Extensions.ApiKeyAuthenticationHandler) "x-api" was not authenticated. Failure message: "Unauthorized"
2023-03-10T11:58:03.8006459+05:30 [INF] (TranSmart.API.Extensions.ApiKeyAuthenticationHandler) "x-api" was not authenticated. Failure message: "Unauthorized"
2023-03-10T11:58:04.2725937+05:30 [INF] (TranSmart.API.Extensions.ApiKeyAuthenticationHandler) "x-api" was not authenticated. Failure message: "Unauthorized"
2023-03-10T11:58:39.8698893+05:30 [INF] (TranSmart.API.Extensions.ApiKeyAuthenticationHandler) "x-api" was not authenticated. Failure message: "Unauthorized"
2023-03-10T11:58:39.9348164+05:30 [INF] (TranSmart.API.Extensions.ApiKeyAuthenticationHandler) "x-api" was not authenticated. Failure message: "Unauthorized"
2023-03-10T11:58:43.6517791+05:30 [INF] (TranSmart.API.Extensions.ApiKeyAuthenticationHandler) "x-api" was not authenticated. Failure message: "Unauthorized"
2023-03-10T11:58:44.7965907+05:30 [INF] (TranSmart.API.Extensions.ApiKeyAuthenticationHandler) "x-api" was not authenticated. Failure message: "Unauthorized"
2023-03-10T11:58:50.1069544+05:30 [INF] (TranSmart.API.Extensions.ApiKeyAuthenticationHandler) "x-api" was not authenticated. Failure message: "Unauthorized"
2023-03-10T11:58:56.1041019+05:30 [INF] (TranSmart.API.Extensions.ApiKeyAuthenticationHandler) "x-api" was not authenticated. Failure message: "Unauthorized"
2023-03-10T12:30:34.1000969+05:30 [INF] (TranSmart.API.Extensions.ApiKeyAuthenticationHandler) "x-api" was not authenticated. Failure message: "Unauthorized"
2023-03-10T12:30:34.1000968+05:30 [INF] (TranSmart.API.Extensions.ApiKeyAuthenticationHandler) "x-api" was not authenticated. Failure message: "Unauthorized"
2023-03-10T12:30:34.2054035+05:30 [INF] (TranSmart.API.Extensions.ApiKeyAuthenticationHandler) "x-api" was not authenticated. Failure message: "Unauthorized"
2023-03-10T12:30:42.4896249+05:30 [INF] (TranSmart.API.Extensions.ApiKeyAuthenticationHandler) "x-api" was not authenticated. Failure message: "Unauthorized"
2023-03-10T12:30:42.5125270+05:30 [INF] (TranSmart.API.Extensions.ApiKeyAuthenticationHandler) "x-api" was not authenticated. Failure message: "Unauthorized"
2023-03-10T12:34:56.1120237+05:30 [INF] (TranSmart.API.Extensions.ApiKeyAuthenticationHandler) "x-api" was not authenticated. Failure message: "Unauthorized"
2023-03-10T12:34:56.1344148+05:30 [INF] (TranSmart.API.Extensions.ApiKeyAuthenticationHandler) "x-api" was not authenticated. Failure message: "Unauthorized"
2023-03-10T12:34:57.2724962+05:30 [INF] (TranSmart.API.Extensions.ApiKeyAuthenticationHandler) "x-api" was not authenticated. Failure message: "Unauthorized"
2023-03-10T12:34:57.3009147+05:30 [INF] (TranSmart.API.Extensions.ApiKeyAuthenticationHandler) "x-api" was not authenticated. Failure message: "Unauthorized"
