2023-08-18T10:45:13.2650146+05:30 [WRN] (Microsoft.EntityFrameworkCore.Model.Validation) No store type was specified for the decimal property '"NewBalance"' on entity type '"AdjustLeave"'. This will cause values to be silently truncated if they do not fit in the default precision and scale. Explicitly specify the SQL server column type that can accommodate all the values in 'OnModelCreating' using 'HasColumnType', specify precision and scale using 'HasPrecision', or configure a value converter using 'HasConversion'.
2023-08-18T10:45:13.3742575+05:30 [WRN] (Microsoft.EntityFrameworkCore.Model.Validation) No store type was specified for the decimal property '"LeaveCount"' on entity type '"ApplyLeaveDetails"'. This will cause values to be silently truncated if they do not fit in the default precision and scale. Explicitly specify the SQL server column type that can accommodate all the values in 'OnModelCreating' using 'HasColumnType', specify precision and scale using 'HasPrecision', or configure a value converter using 'HasConversion'.
2023-08-18T10:45:13.3746429+05:30 [WRN] (Microsoft.EntityFrameworkCore.Model.Validation) No store type was specified for the decimal property '"NoOfLeaves"' on entity type '"ApplyLeaveType"'. This will cause values to be silently truncated if they do not fit in the default precision and scale. Explicitly specify the SQL server column type that can accommodate all the values in 'OnModelCreating' using 'HasColumnType', specify precision and scale using 'HasPrecision', or configure a value converter using 'HasConversion'.
2023-08-18T10:45:13.3746998+05:30 [WRN] (Microsoft.EntityFrameworkCore.Model.Validation) No store type was specified for the decimal property '"UADays"' on entity type '"Attendance"'. This will cause values to be silently truncated if they do not fit in the default precision and scale. Explicitly specify the SQL server column type that can accommodate all the values in 'OnModelCreating' using 'HasColumnType', specify precision and scale using 'HasPrecision', or configure a value converter using 'HasConversion'.
2023-08-18T10:45:13.3747272+05:30 [WRN] (Microsoft.EntityFrameworkCore.Model.Validation) No store type was specified for the decimal property '"LOP"' on entity type '"AttendanceSum"'. This will cause values to be silently truncated if they do not fit in the default precision and scale. Explicitly specify the SQL server column type that can accommodate all the values in 'OnModelCreating' using 'HasColumnType', specify precision and scale using 'HasPrecision', or configure a value converter using 'HasConversion'.
2023-08-18T10:45:13.3747403+05:30 [WRN] (Microsoft.EntityFrameworkCore.Model.Validation) No store type was specified for the decimal property '"NoOfLeaves"' on entity type '"AttendanceSum"'. This will cause values to be silently truncated if they do not fit in the default precision and scale. Explicitly specify the SQL server column type that can accommodate all the values in 'OnModelCreating' using 'HasColumnType', specify precision and scale using 'HasPrecision', or configure a value converter using 'HasConversion'.
2023-08-18T10:45:13.3747502+05:30 [WRN] (Microsoft.EntityFrameworkCore.Model.Validation) No store type was specified for the decimal property '"Present"' on entity type '"AttendanceSum"'. This will cause values to be silently truncated if they do not fit in the default precision and scale. Explicitly specify the SQL server column type that can accommodate all the values in 'OnModelCreating' using 'HasColumnType', specify precision and scale using 'HasPrecision', or configure a value converter using 'HasConversion'.
2023-08-18T10:45:13.3747592+05:30 [WRN] (Microsoft.EntityFrameworkCore.Model.Validation) No store type was specified for the decimal property '"Unauthorized"' on entity type '"AttendanceSum"'. This will cause values to be silently truncated if they do not fit in the default precision and scale. Explicitly specify the SQL server column type that can accommodate all the values in 'OnModelCreating' using 'HasColumnType', specify precision and scale using 'HasPrecision', or configure a value converter using 'HasConversion'.
2023-08-18T10:45:13.3748080+05:30 [WRN] (Microsoft.EntityFrameworkCore.Model.Validation) No store type was specified for the decimal property '"Leaves"' on entity type '"EmployeeLeaveBalanceQry"'. This will cause values to be silently truncated if they do not fit in the default precision and scale. Explicitly specify the SQL server column type that can accommodate all the values in 'OnModelCreating' using 'HasColumnType', specify precision and scale using 'HasPrecision', or configure a value converter using 'HasConversion'.
2023-08-18T10:45:13.3748344+05:30 [WRN] (Microsoft.EntityFrameworkCore.Model.Validation) No store type was specified for the decimal property '"Leaves"' on entity type '"LeaveBalance"'. This will cause values to be silently truncated if they do not fit in the default precision and scale. Explicitly specify the SQL server column type that can accommodate all the values in 'OnModelCreating' using 'HasColumnType', specify precision and scale using 'HasPrecision', or configure a value converter using 'HasConversion'.
2023-08-18T10:45:13.3748485+05:30 [WRN] (Microsoft.EntityFrameworkCore.Model.Validation) No store type was specified for the decimal property '"Leaves"' on entity type '"LeaveBalancesQry"'. This will cause values to be silently truncated if they do not fit in the default precision and scale. Explicitly specify the SQL server column type that can accommodate all the values in 'OnModelCreating' using 'HasColumnType', specify precision and scale using 'HasPrecision', or configure a value converter using 'HasConversion'.
2023-08-18T10:45:13.3748748+05:30 [WRN] (Microsoft.EntityFrameworkCore.Model.Validation) No store type was specified for the decimal property '"MaxApplications"' on entity type '"LeaveType"'. This will cause values to be silently truncated if they do not fit in the default precision and scale. Explicitly specify the SQL server column type that can accommodate all the values in 'OnModelCreating' using 'HasColumnType', specify precision and scale using 'HasPrecision', or configure a value converter using 'HasConversion'.
2023-08-18T10:45:13.3748845+05:30 [WRN] (Microsoft.EntityFrameworkCore.Model.Validation) No store type was specified for the decimal property '"MaxLeaves"' on entity type '"LeaveType"'. This will cause values to be silently truncated if they do not fit in the default precision and scale. Explicitly specify the SQL server column type that can accommodate all the values in 'OnModelCreating' using 'HasColumnType', specify precision and scale using 'HasPrecision', or configure a value converter using 'HasConversion'.
2023-08-18T10:45:13.3748930+05:30 [WRN] (Microsoft.EntityFrameworkCore.Model.Validation) No store type was specified for the decimal property '"MinLeaves"' on entity type '"LeaveType"'. This will cause values to be silently truncated if they do not fit in the default precision and scale. Explicitly specify the SQL server column type that can accommodate all the values in 'OnModelCreating' using 'HasColumnType', specify precision and scale using 'HasPrecision', or configure a value converter using 'HasConversion'.
2023-08-18T10:45:13.3749757+05:30 [WRN] (Microsoft.EntityFrameworkCore.Model.Validation) No store type was specified for the decimal property '"Percentage"' on entity type '"Result"'. This will cause values to be silently truncated if they do not fit in the default precision and scale. Explicitly specify the SQL server column type that can accommodate all the values in 'OnModelCreating' using 'HasColumnType', specify precision and scale using 'HasPrecision', or configure a value converter using 'HasConversion'.
2023-08-18T10:45:13.3750371+05:30 [WRN] (Microsoft.EntityFrameworkCore.Model.Validation) No store type was specified for the decimal property '"Percentage"' on entity type '"EmployeeEducation"'. This will cause values to be silently truncated if they do not fit in the default precision and scale. Explicitly specify the SQL server column type that can accommodate all the values in 'OnModelCreating' using 'HasColumnType', specify precision and scale using 'HasPrecision', or configure a value converter using 'HasConversion'.
2023-08-18T10:45:13.3751442+05:30 [WRN] (Microsoft.EntityFrameworkCore.Model.Validation) No store type was specified for the decimal property '"NumberOfDays"' on entity type '"Latecomers"'. This will cause values to be silently truncated if they do not fit in the default precision and scale. Explicitly specify the SQL server column type that can accommodate all the values in 'OnModelCreating' using 'HasColumnType', specify precision and scale using 'HasPrecision', or configure a value converter using 'HasConversion'.
2023-08-18T10:45:13.3751873+05:30 [WRN] (Microsoft.EntityFrameworkCore.Model.Validation) No store type was specified for the decimal property '"EducationCess"' on entity type '"DeclarationSetting"'. This will cause values to be silently truncated if they do not fit in the default precision and scale. Explicitly specify the SQL server column type that can accommodate all the values in 'OnModelCreating' using 'HasColumnType', specify precision and scale using 'HasPrecision', or configure a value converter using 'HasConversion'.
2023-08-18T10:45:13.3752139+05:30 [WRN] (Microsoft.EntityFrameworkCore.Model.Validation) No store type was specified for the decimal property '"EmployeesCont"' on entity type '"ESI"'. This will cause values to be silently truncated if they do not fit in the default precision and scale. Explicitly specify the SQL server column type that can accommodate all the values in 'OnModelCreating' using 'HasColumnType', specify precision and scale using 'HasPrecision', or configure a value converter using 'HasConversion'.
2023-08-18T10:45:13.3752239+05:30 [WRN] (Microsoft.EntityFrameworkCore.Model.Validation) No store type was specified for the decimal property '"EmployerCont"' on entity type '"ESI"'. This will cause values to be silently truncated if they do not fit in the default precision and scale. Explicitly specify the SQL server column type that can accommodate all the values in 'OnModelCreating' using 'HasColumnType', specify precision and scale using 'HasPrecision', or configure a value converter using 'HasConversion'.
2023-08-18T10:45:13.3753001+05:30 [WRN] (Microsoft.EntityFrameworkCore.Model.Validation) No store type was specified for the decimal property '"Days"' on entity type '"PayMonth"'. This will cause values to be silently truncated if they do not fit in the default precision and scale. Explicitly specify the SQL server column type that can accommodate all the values in 'OnModelCreating' using 'HasColumnType', specify precision and scale using 'HasPrecision', or configure a value converter using 'HasConversion'.
2023-08-18T10:45:13.3753258+05:30 [WRN] (Microsoft.EntityFrameworkCore.Model.Validation) No store type was specified for the decimal property '"LCDays"' on entity type '"PaySheet"'. This will cause values to be silently truncated if they do not fit in the default precision and scale. Explicitly specify the SQL server column type that can accommodate all the values in 'OnModelCreating' using 'HasColumnType', specify precision and scale using 'HasPrecision', or configure a value converter using 'HasConversion'.
2023-08-18T10:45:13.3753348+05:30 [WRN] (Microsoft.EntityFrameworkCore.Model.Validation) No store type was specified for the decimal property '"LOPDays"' on entity type '"PaySheet"'. This will cause values to be silently truncated if they do not fit in the default precision and scale. Explicitly specify the SQL server column type that can accommodate all the values in 'OnModelCreating' using 'HasColumnType', specify precision and scale using 'HasPrecision', or configure a value converter using 'HasConversion'.
2023-08-18T10:45:13.3753508+05:30 [WRN] (Microsoft.EntityFrameworkCore.Model.Validation) No store type was specified for the decimal property '"PresentDays"' on entity type '"PaySheet"'. This will cause values to be silently truncated if they do not fit in the default precision and scale. Explicitly specify the SQL server column type that can accommodate all the values in 'OnModelCreating' using 'HasColumnType', specify precision and scale using 'HasPrecision', or configure a value converter using 'HasConversion'.
2023-08-18T10:45:13.3753624+05:30 [WRN] (Microsoft.EntityFrameworkCore.Model.Validation) No store type was specified for the decimal property '"UADays"' on entity type '"PaySheet"'. This will cause values to be silently truncated if they do not fit in the default precision and scale. Explicitly specify the SQL server column type that can accommodate all the values in 'OnModelCreating' using 'HasColumnType', specify precision and scale using 'HasPrecision', or configure a value converter using 'HasConversion'.
2023-08-18T10:45:13.3753724+05:30 [WRN] (Microsoft.EntityFrameworkCore.Model.Validation) No store type was specified for the decimal property '"WorkDays"' on entity type '"PaySheet"'. This will cause values to be silently truncated if they do not fit in the default precision and scale. Explicitly specify the SQL server column type that can accommodate all the values in 'OnModelCreating' using 'HasColumnType', specify precision and scale using 'HasPrecision', or configure a value converter using 'HasConversion'.
2023-08-18T10:45:13.3754358+05:30 [WRN] (Microsoft.EntityFrameworkCore.Model.Validation) No store type was specified for the decimal property '"Percentage"' on entity type '"SalaryEarning"'. This will cause values to be silently truncated if they do not fit in the default precision and scale. Explicitly specify the SQL server column type that can accommodate all the values in 'OnModelCreating' using 'HasColumnType', specify precision and scale using 'HasPrecision', or configure a value converter using 'HasConversion'.
2023-08-18T10:45:13.3754628+05:30 [WRN] (Microsoft.EntityFrameworkCore.Model.Validation) No store type was specified for the decimal property '"Percentage"' on entity type '"SalaryEarningHistory"'. This will cause values to be silently truncated if they do not fit in the default precision and scale. Explicitly specify the SQL server column type that can accommodate all the values in 'OnModelCreating' using 'HasColumnType', specify precision and scale using 'HasPrecision', or configure a value converter using 'HasConversion'.
2023-08-18T10:45:13.3754768+05:30 [WRN] (Microsoft.EntityFrameworkCore.Model.Validation) No store type was specified for the decimal property '"AnnualCTC"' on entity type '"SalaryHistory"'. This will cause values to be silently truncated if they do not fit in the default precision and scale. Explicitly specify the SQL server column type that can accommodate all the values in 'OnModelCreating' using 'HasColumnType', specify precision and scale using 'HasPrecision', or configure a value converter using 'HasConversion'.
2023-08-18T10:45:13.3754860+05:30 [WRN] (Microsoft.EntityFrameworkCore.Model.Validation) No store type was specified for the decimal property '"CostToCompany"' on entity type '"SalaryHistory"'. This will cause values to be silently truncated if they do not fit in the default precision and scale. Explicitly specify the SQL server column type that can accommodate all the values in 'OnModelCreating' using 'HasColumnType', specify precision and scale using 'HasPrecision', or configure a value converter using 'HasConversion'.
2023-08-18T10:45:13.3755001+05:30 [WRN] (Microsoft.EntityFrameworkCore.Model.Validation) No store type was specified for the decimal property '"MonthlyCTC"' on entity type '"SalaryHistory"'. This will cause values to be silently truncated if they do not fit in the default precision and scale. Explicitly specify the SQL server column type that can accommodate all the values in 'OnModelCreating' using 'HasColumnType', specify precision and scale using 'HasPrecision', or configure a value converter using 'HasConversion'.
2023-08-18T10:45:38.1628326+05:30 [INF] (Microsoft.Hosting.Lifetime) Now listening on: "http://127.0.0.1:6910"
2023-08-18T10:45:38.1655135+05:30 [INF] (Microsoft.Hosting.Lifetime) Application started. Press Ctrl+C to shut down.
2023-08-18T10:45:38.1656699+05:30 [INF] (Microsoft.Hosting.Lifetime) Hosting environment: "Development"
2023-08-18T10:45:38.1657066+05:30 [INF] (Microsoft.Hosting.Lifetime) Content root path: "C:\IHMS\server\Transmart.API\"
2023-08-18T10:45:38.6276668+05:30 [INF] (TranSmart.API.Controllers.ValuesController) Writing to log file with INFORMATION severity level.
2023-08-18T10:45:38.6295245+05:30 [DBG] (TranSmart.API.Controllers.ValuesController) Writing to log file with DEBUG severity level.
2023-08-18T10:45:38.6295646+05:30 [WRN] (TranSmart.API.Controllers.ValuesController) Writing to log file with WARNING severity level.
2023-08-18T10:45:38.6295931+05:30 [ERR] (TranSmart.API.Controllers.ValuesController) Writing to log file with ERROR severity level.
2023-08-18T10:45:38.6296150+05:30 [FTL] (TranSmart.API.Controllers.ValuesController) Writing to log file with CRITICAL severity level.
2023-08-18T10:51:40.8817692+05:30 [DBG] (TranSmart.API.Controllers.AuthController) AuthController entered
2023-08-18T10:51:42.5213722+05:30 [DBG] (TranSmart.API.Extensions.ApiKeyAuthenticationHandler) AuthenticationScheme: "x-api" was successfully authenticated.
2023-08-18T10:51:42.5214331+05:30 [DBG] (TranSmart.API.Extensions.ApiKeyAuthenticationHandler) AuthenticationScheme: "x-api" was successfully authenticated.
2023-08-18T10:51:42.5213765+05:30 [DBG] (TranSmart.API.Extensions.ApiKeyAuthenticationHandler) AuthenticationScheme: "x-api" was successfully authenticated.
2023-08-18T10:51:42.5214021+05:30 [DBG] (TranSmart.API.Extensions.ApiKeyAuthenticationHandler) AuthenticationScheme: "x-api" was successfully authenticated.
2023-08-18T17:39:17.5900145+05:30 [INF] (TranSmart.API.Extensions.ApiKeyAuthenticationHandler) "x-api" was not authenticated. Failure message: "Unauthorized"
2023-08-18T17:39:17.5900171+05:30 [INF] (TranSmart.API.Extensions.ApiKeyAuthenticationHandler) "x-api" was not authenticated. Failure message: "Unauthorized"
2023-08-18T17:39:17.5965099+05:30 [INF] (TranSmart.API.Extensions.ApiKeyAuthenticationHandler) AuthenticationScheme: "x-api" was challenged.
2023-08-18T17:39:17.5965195+05:30 [INF] (TranSmart.API.Extensions.ApiKeyAuthenticationHandler) AuthenticationScheme: "x-api" was challenged.
2023-08-18T17:39:17.7471351+05:30 [DBG] (TranSmart.API.Extensions.ApiKeyAuthenticationHandler) AuthenticationScheme: "x-api" was successfully authenticated.
2023-08-18T17:39:17.7471351+05:30 [DBG] (TranSmart.API.Extensions.ApiKeyAuthenticationHandler) AuthenticationScheme: "x-api" was successfully authenticated.
2023-08-18T17:39:17.8002326+05:30 [WRN] (Microsoft.EntityFrameworkCore.Query) The query uses a row limiting operator ('Skip'/'Take') without an 'OrderBy' operator. This may lead to unpredictable results. If the 'Distinct' operator is used after 'OrderBy', then make sure to use the 'OrderBy' operator after 'Distinct' as the ordering would otherwise get erased.
2023-08-18T17:39:17.8008268+05:30 [WRN] (Microsoft.EntityFrameworkCore.Query) The query uses a row limiting operator ('Skip'/'Take') without an 'OrderBy' operator. This may lead to unpredictable results. If the 'Distinct' operator is used after 'OrderBy', then make sure to use the 'OrderBy' operator after 'Distinct' as the ordering would otherwise get erased.
2023-08-18T17:39:19.1602275+05:30 [DBG] (TranSmart.API.Extensions.ApiKeyAuthenticationHandler) AuthenticationScheme: "x-api" was successfully authenticated.
2023-08-18T17:39:19.1806961+05:30 [DBG] (TranSmart.API.Extensions.ApiKeyAuthenticationHandler) AuthenticationScheme: "x-api" was successfully authenticated.
2023-08-18T17:39:19.2106832+05:30 [DBG] (TranSmart.API.Extensions.ApiKeyAuthenticationHandler) AuthenticationScheme: "x-api" was successfully authenticated.
2023-08-18T17:39:36.6379501+05:30 [DBG] (TranSmart.API.Extensions.ApiKeyAuthenticationHandler) AuthenticationScheme: "x-api" was successfully authenticated.
2023-08-18T17:39:36.6385422+05:30 [DBG] (TranSmart.API.Extensions.ApiKeyAuthenticationHandler) AuthenticationScheme: "x-api" was successfully authenticated.
2023-08-18T17:39:36.6952678+05:30 [DBG] (TranSmart.API.Extensions.ApiKeyAuthenticationHandler) AuthenticationScheme: "x-api" was successfully authenticated.
2023-08-18T17:39:39.7040817+05:30 [DBG] (TranSmart.API.Extensions.ApiKeyAuthenticationHandler) AuthenticationScheme: "x-api" was successfully authenticated.
2023-08-18T17:39:39.7082503+05:30 [DBG] (TranSmart.API.Extensions.ApiKeyAuthenticationHandler) AuthenticationScheme: "x-api" was successfully authenticated.
2023-08-18T17:39:47.4783556+05:30 [DBG] (TranSmart.API.Extensions.ApiKeyAuthenticationHandler) AuthenticationScheme: "x-api" was successfully authenticated.
2023-08-18T17:39:47.5007134+05:30 [DBG] (TranSmart.API.Extensions.ApiKeyAuthenticationHandler) AuthenticationScheme: "x-api" was successfully authenticated.
2023-08-18T17:39:47.5236335+05:30 [DBG] (TranSmart.API.Extensions.ApiKeyAuthenticationHandler) AuthenticationScheme: "x-api" was successfully authenticated.
2023-08-18T17:39:59.7156554+05:30 [DBG] (TranSmart.API.Extensions.ApiKeyAuthenticationHandler) AuthenticationScheme: "x-api" was successfully authenticated.
2023-08-18T17:39:59.7164735+05:30 [DBG] (TranSmart.API.Extensions.ApiKeyAuthenticationHandler) AuthenticationScheme: "x-api" was successfully authenticated.
2023-08-18T17:40:01.1643126+05:30 [DBG] (TranSmart.API.Extensions.ApiKeyAuthenticationHandler) AuthenticationScheme: "x-api" was successfully authenticated.
2023-08-18T17:40:01.1717130+05:30 [DBG] (TranSmart.API.Extensions.ApiKeyAuthenticationHandler) AuthenticationScheme: "x-api" was successfully authenticated.
2023-08-18T17:40:01.1818845+05:30 [DBG] (TranSmart.API.Extensions.ApiKeyAuthenticationHandler) AuthenticationScheme: "x-api" was successfully authenticated.
2023-08-18T17:46:44.8338736+05:30 [INF] (TranSmart.API.Extensions.ApiKeyAuthenticationHandler) "x-api" was not authenticated. Failure message: "Unauthorized"
2023-08-18T17:46:44.8550080+05:30 [INF] (TranSmart.API.Extensions.ApiKeyAuthenticationHandler) AuthenticationScheme: "x-api" was challenged.
2023-08-18T17:46:44.8698236+05:30 [INF] (TranSmart.API.Extensions.ApiKeyAuthenticationHandler) "x-api" was not authenticated. Failure message: "Unauthorized"
2023-08-18T17:46:44.8703639+05:30 [INF] (TranSmart.API.Extensions.ApiKeyAuthenticationHandler) AuthenticationScheme: "x-api" was challenged.
2023-08-18T17:46:44.9655001+05:30 [DBG] (TranSmart.API.Extensions.ApiKeyAuthenticationHandler) AuthenticationScheme: "x-api" was successfully authenticated.
2023-08-18T17:46:44.9658542+05:30 [DBG] (TranSmart.API.Extensions.ApiKeyAuthenticationHandler) AuthenticationScheme: "x-api" was successfully authenticated.
2023-08-18T17:46:44.9929273+05:30 [DBG] (TranSmart.API.Extensions.ApiKeyAuthenticationHandler) AuthenticationScheme: "x-api" was successfully authenticated.
2023-08-18T17:46:45.0307609+05:30 [DBG] (TranSmart.API.Extensions.ApiKeyAuthenticationHandler) AuthenticationScheme: "x-api" was successfully authenticated.
2023-08-18T17:46:47.6021300+05:30 [DBG] (TranSmart.API.Extensions.ApiKeyAuthenticationHandler) AuthenticationScheme: "x-api" was successfully authenticated.
2023-08-18T17:46:47.6030677+05:30 [DBG] (TranSmart.API.Extensions.ApiKeyAuthenticationHandler) AuthenticationScheme: "x-api" was successfully authenticated.
2023-08-18T17:46:47.6478216+05:30 [DBG] (TranSmart.API.Extensions.ApiKeyAuthenticationHandler) AuthenticationScheme: "x-api" was successfully authenticated.
2023-08-18T17:46:47.6880513+05:30 [DBG] (TranSmart.API.Extensions.ApiKeyAuthenticationHandler) AuthenticationScheme: "x-api" was successfully authenticated.
2023-08-18T17:47:45.9556534+05:30 [DBG] (TranSmart.API.Extensions.ApiKeyAuthenticationHandler) AuthenticationScheme: "x-api" was successfully authenticated.
2023-08-18T17:47:45.9594314+05:30 [DBG] (TranSmart.API.Extensions.ApiKeyAuthenticationHandler) AuthenticationScheme: "x-api" was successfully authenticated.
2023-08-18T17:47:45.9917548+05:30 [DBG] (TranSmart.API.Extensions.ApiKeyAuthenticationHandler) AuthenticationScheme: "x-api" was successfully authenticated.
2023-08-18T17:47:48.9357692+05:30 [DBG] (TranSmart.API.Extensions.ApiKeyAuthenticationHandler) AuthenticationScheme: "x-api" was successfully authenticated.
2023-08-18T17:47:48.9358072+05:30 [DBG] (TranSmart.API.Extensions.ApiKeyAuthenticationHandler) AuthenticationScheme: "x-api" was successfully authenticated.
2023-08-18T17:47:48.9943768+05:30 [DBG] (TranSmart.API.Extensions.ApiKeyAuthenticationHandler) AuthenticationScheme: "x-api" was successfully authenticated.
2023-08-18T17:55:04.2319044+05:30 [INF] (TranSmart.API.Extensions.ApiKeyAuthenticationHandler) "x-api" was not authenticated. Failure message: "Unauthorized"
2023-08-18T17:55:04.2532203+05:30 [INF] (TranSmart.API.Extensions.ApiKeyAuthenticationHandler) "x-api" was not authenticated. Failure message: "Unauthorized"
2023-08-18T17:55:04.2532881+05:30 [INF] (TranSmart.API.Extensions.ApiKeyAuthenticationHandler) AuthenticationScheme: "x-api" was challenged.
2023-08-18T17:55:04.2536777+05:30 [INF] (TranSmart.API.Extensions.ApiKeyAuthenticationHandler) AuthenticationScheme: "x-api" was challenged.
2023-08-18T17:55:05.2680861+05:30 [DBG] (TranSmart.API.Controllers.AuthController) AuthController entered
2023-08-18T17:55:05.4071838+05:30 [DBG] (TranSmart.API.Extensions.ApiKeyAuthenticationHandler) AuthenticationScheme: "x-api" was successfully authenticated.
2023-08-18T17:55:05.4106970+05:30 [DBG] (TranSmart.API.Extensions.ApiKeyAuthenticationHandler) AuthenticationScheme: "x-api" was successfully authenticated.
2023-08-18T17:55:05.4309053+05:30 [DBG] (TranSmart.API.Extensions.ApiKeyAuthenticationHandler) AuthenticationScheme: "x-api" was successfully authenticated.
2023-08-18T17:55:05.4311528+05:30 [DBG] (TranSmart.API.Extensions.ApiKeyAuthenticationHandler) AuthenticationScheme: "x-api" was successfully authenticated.
2023-08-18T17:55:09.7584940+05:30 [DBG] (TranSmart.API.Extensions.ApiKeyAuthenticationHandler) AuthenticationScheme: "x-api" was successfully authenticated.
2023-08-18T17:55:09.7584769+05:30 [DBG] (TranSmart.API.Extensions.ApiKeyAuthenticationHandler) AuthenticationScheme: "x-api" was successfully authenticated.
2023-08-18T17:55:25.1685156+05:30 [DBG] (TranSmart.API.Extensions.ApiKeyAuthenticationHandler) AuthenticationScheme: "x-api" was successfully authenticated.
2023-08-18T17:55:25.1761881+05:30 [DBG] (TranSmart.API.Extensions.ApiKeyAuthenticationHandler) AuthenticationScheme: "x-api" was successfully authenticated.
2023-08-18T17:55:25.1876693+05:30 [DBG] (TranSmart.API.Extensions.ApiKeyAuthenticationHandler) AuthenticationScheme: "x-api" was successfully authenticated.
2023-08-18T18:00:55.0564637+05:30 [INF] (TranSmart.API.Extensions.ApiKeyAuthenticationHandler) "x-api" was not authenticated. Failure message: "Unauthorized"
2023-08-18T18:00:55.0606096+05:30 [INF] (TranSmart.API.Extensions.ApiKeyAuthenticationHandler) AuthenticationScheme: "x-api" was challenged.
2023-08-18T18:00:55.1186339+05:30 [INF] (TranSmart.API.Extensions.ApiKeyAuthenticationHandler) "x-api" was not authenticated. Failure message: "Unauthorized"
2023-08-18T18:00:55.1190296+05:30 [INF] (TranSmart.API.Extensions.ApiKeyAuthenticationHandler) AuthenticationScheme: "x-api" was challenged.
2023-08-18T18:00:55.1977023+05:30 [DBG] (TranSmart.API.Extensions.ApiKeyAuthenticationHandler) AuthenticationScheme: "x-api" was successfully authenticated.
2023-08-18T18:00:55.2009116+05:30 [DBG] (TranSmart.API.Extensions.ApiKeyAuthenticationHandler) AuthenticationScheme: "x-api" was successfully authenticated.
2023-08-18T18:01:05.2588018+05:30 [DBG] (TranSmart.API.Extensions.ApiKeyAuthenticationHandler) AuthenticationScheme: "x-api" was successfully authenticated.
2023-08-18T18:01:05.2596314+05:30 [DBG] (TranSmart.API.Extensions.ApiKeyAuthenticationHandler) AuthenticationScheme: "x-api" was successfully authenticated.
2023-08-18T18:01:50.3394726+05:30 [DBG] (TranSmart.API.Extensions.ApiKeyAuthenticationHandler) AuthenticationScheme: "x-api" was successfully authenticated.
2023-08-18T18:01:50.3430580+05:30 [DBG] (TranSmart.API.Extensions.ApiKeyAuthenticationHandler) AuthenticationScheme: "x-api" was successfully authenticated.
2023-08-18T18:01:59.2866165+05:30 [DBG] (TranSmart.API.Extensions.ApiKeyAuthenticationHandler) AuthenticationScheme: "x-api" was successfully authenticated.
2023-08-18T18:02:29.1864279+05:30 [DBG] (TranSmart.API.Extensions.ApiKeyAuthenticationHandler) AuthenticationScheme: "x-api" was successfully authenticated.
2023-08-18T18:02:35.0437748+05:30 [DBG] (TranSmart.API.Extensions.ApiKeyAuthenticationHandler) AuthenticationScheme: "x-api" was successfully authenticated.
2023-08-18T18:02:35.0464443+05:30 [DBG] (TranSmart.API.Extensions.ApiKeyAuthenticationHandler) AuthenticationScheme: "x-api" was successfully authenticated.
2023-08-18T18:02:36.6268630+05:30 [DBG] (TranSmart.API.Extensions.ApiKeyAuthenticationHandler) AuthenticationScheme: "x-api" was successfully authenticated.
2023-08-18T18:02:36.6342150+05:30 [DBG] (TranSmart.API.Extensions.ApiKeyAuthenticationHandler) AuthenticationScheme: "x-api" was successfully authenticated.
2023-08-18T18:02:36.6458834+05:30 [DBG] (TranSmart.API.Extensions.ApiKeyAuthenticationHandler) AuthenticationScheme: "x-api" was successfully authenticated.
2023-08-18T18:02:42.7288295+05:30 [DBG] (TranSmart.API.Extensions.ApiKeyAuthenticationHandler) AuthenticationScheme: "x-api" was successfully authenticated.
2023-08-18T18:02:45.1357032+05:30 [WRN] (Microsoft.EntityFrameworkCore.Query) Compiling a query which loads related collections for more than one collection navigation, either via 'Include' or through projection, but no 'QuerySplittingBehavior' has been configured. By default, Entity Framework will use 'QuerySplittingBehavior.SingleQuery', which can potentially result in slow query performance. See https://go.microsoft.com/fwlink/?linkid=2134277 for more information. To identify the query that's triggering this warning call 'ConfigureWarnings(w => w.Throw(RelationalEventId.MultipleCollectionIncludeWarning))'.
2023-08-18T18:02:45.3642866+05:30 [DBG] (TranSmart.API.Extensions.ApiKeyAuthenticationHandler) AuthenticationScheme: "x-api" was successfully authenticated.
2023-08-18T18:02:59.8776619+05:30 [DBG] (TranSmart.API.Extensions.ApiKeyAuthenticationHandler) AuthenticationScheme: "x-api" was successfully authenticated.
2023-08-18T18:02:59.8780734+05:30 [DBG] (TranSmart.API.Extensions.ApiKeyAuthenticationHandler) AuthenticationScheme: "x-api" was successfully authenticated.
2023-08-18T18:27:41.8532100+05:30 [WRN] (Microsoft.EntityFrameworkCore.Model.Validation) No store type was specified for the decimal property '"NewBalance"' on entity type '"AdjustLeave"'. This will cause values to be silently truncated if they do not fit in the default precision and scale. Explicitly specify the SQL server column type that can accommodate all the values in 'OnModelCreating' using 'HasColumnType', specify precision and scale using 'HasPrecision', or configure a value converter using 'HasConversion'.
2023-08-18T18:27:41.8793460+05:30 [WRN] (Microsoft.EntityFrameworkCore.Model.Validation) No store type was specified for the decimal property '"LeaveCount"' on entity type '"ApplyLeaveDetails"'. This will cause values to be silently truncated if they do not fit in the default precision and scale. Explicitly specify the SQL server column type that can accommodate all the values in 'OnModelCreating' using 'HasColumnType', specify precision and scale using 'HasPrecision', or configure a value converter using 'HasConversion'.
2023-08-18T18:27:41.8794374+05:30 [WRN] (Microsoft.EntityFrameworkCore.Model.Validation) No store type was specified for the decimal property '"NoOfLeaves"' on entity type '"ApplyLeaveType"'. This will cause values to be silently truncated if they do not fit in the default precision and scale. Explicitly specify the SQL server column type that can accommodate all the values in 'OnModelCreating' using 'HasColumnType', specify precision and scale using 'HasPrecision', or configure a value converter using 'HasConversion'.
2023-08-18T18:27:41.8794723+05:30 [WRN] (Microsoft.EntityFrameworkCore.Model.Validation) No store type was specified for the decimal property '"UADays"' on entity type '"Attendance"'. This will cause values to be silently truncated if they do not fit in the default precision and scale. Explicitly specify the SQL server column type that can accommodate all the values in 'OnModelCreating' using 'HasColumnType', specify precision and scale using 'HasPrecision', or configure a value converter using 'HasConversion'.
2023-08-18T18:27:41.8795301+05:30 [WRN] (Microsoft.EntityFrameworkCore.Model.Validation) No store type was specified for the decimal property '"LOP"' on entity type '"AttendanceSum"'. This will cause values to be silently truncated if they do not fit in the default precision and scale. Explicitly specify the SQL server column type that can accommodate all the values in 'OnModelCreating' using 'HasColumnType', specify precision and scale using 'HasPrecision', or configure a value converter using 'HasConversion'.
2023-08-18T18:27:41.8795480+05:30 [WRN] (Microsoft.EntityFrameworkCore.Model.Validation) No store type was specified for the decimal property '"NoOfLeaves"' on entity type '"AttendanceSum"'. This will cause values to be silently truncated if they do not fit in the default precision and scale. Explicitly specify the SQL server column type that can accommodate all the values in 'OnModelCreating' using 'HasColumnType', specify precision and scale using 'HasPrecision', or configure a value converter using 'HasConversion'.
2023-08-18T18:27:41.8795606+05:30 [WRN] (Microsoft.EntityFrameworkCore.Model.Validation) No store type was specified for the decimal property '"Present"' on entity type '"AttendanceSum"'. This will cause values to be silently truncated if they do not fit in the default precision and scale. Explicitly specify the SQL server column type that can accommodate all the values in 'OnModelCreating' using 'HasColumnType', specify precision and scale using 'HasPrecision', or configure a value converter using 'HasConversion'.
2023-08-18T18:27:41.8795719+05:30 [WRN] (Microsoft.EntityFrameworkCore.Model.Validation) No store type was specified for the decimal property '"Unauthorized"' on entity type '"AttendanceSum"'. This will cause values to be silently truncated if they do not fit in the default precision and scale. Explicitly specify the SQL server column type that can accommodate all the values in 'OnModelCreating' using 'HasColumnType', specify precision and scale using 'HasPrecision', or configure a value converter using 'HasConversion'.
2023-08-18T18:27:41.8795924+05:30 [WRN] (Microsoft.EntityFrameworkCore.Model.Validation) No store type was specified for the decimal property '"Leaves"' on entity type '"EmployeeLeaveBalanceQry"'. This will cause values to be silently truncated if they do not fit in the default precision and scale. Explicitly specify the SQL server column type that can accommodate all the values in 'OnModelCreating' using 'HasColumnType', specify precision and scale using 'HasPrecision', or configure a value converter using 'HasConversion'.
2023-08-18T18:27:41.8796140+05:30 [WRN] (Microsoft.EntityFrameworkCore.Model.Validation) No store type was specified for the decimal property '"Leaves"' on entity type '"LeaveBalance"'. This will cause values to be silently truncated if they do not fit in the default precision and scale. Explicitly specify the SQL server column type that can accommodate all the values in 'OnModelCreating' using 'HasColumnType', specify precision and scale using 'HasPrecision', or configure a value converter using 'HasConversion'.
2023-08-18T18:27:41.8796374+05:30 [WRN] (Microsoft.EntityFrameworkCore.Model.Validation) No store type was specified for the decimal property '"Leaves"' on entity type '"LeaveBalancesQry"'. This will cause values to be silently truncated if they do not fit in the default precision and scale. Explicitly specify the SQL server column type that can accommodate all the values in 'OnModelCreating' using 'HasColumnType', specify precision and scale using 'HasPrecision', or configure a value converter using 'HasConversion'.
2023-08-18T18:27:41.8796607+05:30 [WRN] (Microsoft.EntityFrameworkCore.Model.Validation) No store type was specified for the decimal property '"MaxApplications"' on entity type '"LeaveType"'. This will cause values to be silently truncated if they do not fit in the default precision and scale. Explicitly specify the SQL server column type that can accommodate all the values in 'OnModelCreating' using 'HasColumnType', specify precision and scale using 'HasPrecision', or configure a value converter using 'HasConversion'.
2023-08-18T18:27:41.8797044+05:30 [WRN] (Microsoft.EntityFrameworkCore.Model.Validation) No store type was specified for the decimal property '"MaxLeaves"' on entity type '"LeaveType"'. This will cause values to be silently truncated if they do not fit in the default precision and scale. Explicitly specify the SQL server column type that can accommodate all the values in 'OnModelCreating' using 'HasColumnType', specify precision and scale using 'HasPrecision', or configure a value converter using 'HasConversion'.
2023-08-18T18:27:41.8797195+05:30 [WRN] (Microsoft.EntityFrameworkCore.Model.Validation) No store type was specified for the decimal property '"MinLeaves"' on entity type '"LeaveType"'. This will cause values to be silently truncated if they do not fit in the default precision and scale. Explicitly specify the SQL server column type that can accommodate all the values in 'OnModelCreating' using 'HasColumnType', specify precision and scale using 'HasPrecision', or configure a value converter using 'HasConversion'.
2023-08-18T18:27:41.8797834+05:30 [WRN] (Microsoft.EntityFrameworkCore.Model.Validation) No store type was specified for the decimal property '"Percentage"' on entity type '"Result"'. This will cause values to be silently truncated if they do not fit in the default precision and scale. Explicitly specify the SQL server column type that can accommodate all the values in 'OnModelCreating' using 'HasColumnType', specify precision and scale using 'HasPrecision', or configure a value converter using 'HasConversion'.
2023-08-18T18:27:41.8798385+05:30 [WRN] (Microsoft.EntityFrameworkCore.Model.Validation) No store type was specified for the decimal property '"Percentage"' on entity type '"EmployeeEducation"'. This will cause values to be silently truncated if they do not fit in the default precision and scale. Explicitly specify the SQL server column type that can accommodate all the values in 'OnModelCreating' using 'HasColumnType', specify precision and scale using 'HasPrecision', or configure a value converter using 'HasConversion'.
2023-08-18T18:27:41.8799096+05:30 [WRN] (Microsoft.EntityFrameworkCore.Model.Validation) No store type was specified for the decimal property '"NumberOfDays"' on entity type '"Latecomers"'. This will cause values to be silently truncated if they do not fit in the default precision and scale. Explicitly specify the SQL server column type that can accommodate all the values in 'OnModelCreating' using 'HasColumnType', specify precision and scale using 'HasPrecision', or configure a value converter using 'HasConversion'.
2023-08-18T18:27:41.8799402+05:30 [WRN] (Microsoft.EntityFrameworkCore.Model.Validation) No store type was specified for the decimal property '"EducationCess"' on entity type '"DeclarationSetting"'. This will cause values to be silently truncated if they do not fit in the default precision and scale. Explicitly specify the SQL server column type that can accommodate all the values in 'OnModelCreating' using 'HasColumnType', specify precision and scale using 'HasPrecision', or configure a value converter using 'HasConversion'.
2023-08-18T18:27:41.8799626+05:30 [WRN] (Microsoft.EntityFrameworkCore.Model.Validation) No store type was specified for the decimal property '"EmployeesCont"' on entity type '"ESI"'. This will cause values to be silently truncated if they do not fit in the default precision and scale. Explicitly specify the SQL server column type that can accommodate all the values in 'OnModelCreating' using 'HasColumnType', specify precision and scale using 'HasPrecision', or configure a value converter using 'HasConversion'.
2023-08-18T18:27:41.8799798+05:30 [WRN] (Microsoft.EntityFrameworkCore.Model.Validation) No store type was specified for the decimal property '"EmployerCont"' on entity type '"ESI"'. This will cause values to be silently truncated if they do not fit in the default precision and scale. Explicitly specify the SQL server column type that can accommodate all the values in 'OnModelCreating' using 'HasColumnType', specify precision and scale using 'HasPrecision', or configure a value converter using 'HasConversion'.
2023-08-18T18:27:41.8800379+05:30 [WRN] (Microsoft.EntityFrameworkCore.Model.Validation) No store type was specified for the decimal property '"Days"' on entity type '"PayMonth"'. This will cause values to be silently truncated if they do not fit in the default precision and scale. Explicitly specify the SQL server column type that can accommodate all the values in 'OnModelCreating' using 'HasColumnType', specify precision and scale using 'HasPrecision', or configure a value converter using 'HasConversion'.
2023-08-18T18:27:41.8800664+05:30 [WRN] (Microsoft.EntityFrameworkCore.Model.Validation) No store type was specified for the decimal property '"LCDays"' on entity type '"PaySheet"'. This will cause values to be silently truncated if they do not fit in the default precision and scale. Explicitly specify the SQL server column type that can accommodate all the values in 'OnModelCreating' using 'HasColumnType', specify precision and scale using 'HasPrecision', or configure a value converter using 'HasConversion'.
2023-08-18T18:27:41.8800786+05:30 [WRN] (Microsoft.EntityFrameworkCore.Model.Validation) No store type was specified for the decimal property '"LOPDays"' on entity type '"PaySheet"'. This will cause values to be silently truncated if they do not fit in the default precision and scale. Explicitly specify the SQL server column type that can accommodate all the values in 'OnModelCreating' using 'HasColumnType', specify precision and scale using 'HasPrecision', or configure a value converter using 'HasConversion'.
2023-08-18T18:27:41.8800914+05:30 [WRN] (Microsoft.EntityFrameworkCore.Model.Validation) No store type was specified for the decimal property '"PresentDays"' on entity type '"PaySheet"'. This will cause values to be silently truncated if they do not fit in the default precision and scale. Explicitly specify the SQL server column type that can accommodate all the values in 'OnModelCreating' using 'HasColumnType', specify precision and scale using 'HasPrecision', or configure a value converter using 'HasConversion'.
2023-08-18T18:27:41.8801024+05:30 [WRN] (Microsoft.EntityFrameworkCore.Model.Validation) No store type was specified for the decimal property '"UADays"' on entity type '"PaySheet"'. This will cause values to be silently truncated if they do not fit in the default precision and scale. Explicitly specify the SQL server column type that can accommodate all the values in 'OnModelCreating' using 'HasColumnType', specify precision and scale using 'HasPrecision', or configure a value converter using 'HasConversion'.
2023-08-18T18:27:41.8801129+05:30 [WRN] (Microsoft.EntityFrameworkCore.Model.Validation) No store type was specified for the decimal property '"WorkDays"' on entity type '"PaySheet"'. This will cause values to be silently truncated if they do not fit in the default precision and scale. Explicitly specify the SQL server column type that can accommodate all the values in 'OnModelCreating' using 'HasColumnType', specify precision and scale using 'HasPrecision', or configure a value converter using 'HasConversion'.
2023-08-18T18:27:41.8801586+05:30 [WRN] (Microsoft.EntityFrameworkCore.Model.Validation) No store type was specified for the decimal property '"Percentage"' on entity type '"SalaryEarning"'. This will cause values to be silently truncated if they do not fit in the default precision and scale. Explicitly specify the SQL server column type that can accommodate all the values in 'OnModelCreating' using 'HasColumnType', specify precision and scale using 'HasPrecision', or configure a value converter using 'HasConversion'.
2023-08-18T18:27:41.8801838+05:30 [WRN] (Microsoft.EntityFrameworkCore.Model.Validation) No store type was specified for the decimal property '"Percentage"' on entity type '"SalaryEarningHistory"'. This will cause values to be silently truncated if they do not fit in the default precision and scale. Explicitly specify the SQL server column type that can accommodate all the values in 'OnModelCreating' using 'HasColumnType', specify precision and scale using 'HasPrecision', or configure a value converter using 'HasConversion'.
2023-08-18T18:27:41.8802032+05:30 [WRN] (Microsoft.EntityFrameworkCore.Model.Validation) No store type was specified for the decimal property '"AnnualCTC"' on entity type '"SalaryHistory"'. This will cause values to be silently truncated if they do not fit in the default precision and scale. Explicitly specify the SQL server column type that can accommodate all the values in 'OnModelCreating' using 'HasColumnType', specify precision and scale using 'HasPrecision', or configure a value converter using 'HasConversion'.
2023-08-18T18:27:41.8802152+05:30 [WRN] (Microsoft.EntityFrameworkCore.Model.Validation) No store type was specified for the decimal property '"CostToCompany"' on entity type '"SalaryHistory"'. This will cause values to be silently truncated if they do not fit in the default precision and scale. Explicitly specify the SQL server column type that can accommodate all the values in 'OnModelCreating' using 'HasColumnType', specify precision and scale using 'HasPrecision', or configure a value converter using 'HasConversion'.
2023-08-18T18:27:41.8802281+05:30 [WRN] (Microsoft.EntityFrameworkCore.Model.Validation) No store type was specified for the decimal property '"MonthlyCTC"' on entity type '"SalaryHistory"'. This will cause values to be silently truncated if they do not fit in the default precision and scale. Explicitly specify the SQL server column type that can accommodate all the values in 'OnModelCreating' using 'HasColumnType', specify precision and scale using 'HasPrecision', or configure a value converter using 'HasConversion'.
2023-08-18T18:27:42.9869242+05:30 [INF] (Microsoft.Hosting.Lifetime) Now listening on: "http://127.0.0.1:23715"
2023-08-18T18:27:42.9888329+05:30 [INF] (Microsoft.Hosting.Lifetime) Application started. Press Ctrl+C to shut down.
2023-08-18T18:27:42.9889009+05:30 [INF] (Microsoft.Hosting.Lifetime) Hosting environment: "Development"
2023-08-18T18:27:42.9889416+05:30 [INF] (Microsoft.Hosting.Lifetime) Content root path: "C:\IHMS\server\Transmart.API\"
2023-08-18T18:27:43.2029015+05:30 [DBG] (TranSmart.API.Controllers.AuthController) AuthController entered
2023-08-18T18:27:44.2033697+05:30 [DBG] (TranSmart.API.Extensions.ApiKeyAuthenticationHandler) AuthenticationScheme: "x-api" was successfully authenticated.
2023-08-18T18:27:44.2034295+05:30 [DBG] (TranSmart.API.Extensions.ApiKeyAuthenticationHandler) AuthenticationScheme: "x-api" was successfully authenticated.
2023-08-18T18:27:44.2033782+05:30 [DBG] (TranSmart.API.Extensions.ApiKeyAuthenticationHandler) AuthenticationScheme: "x-api" was successfully authenticated.
2023-08-18T18:27:44.2034084+05:30 [DBG] (TranSmart.API.Extensions.ApiKeyAuthenticationHandler) AuthenticationScheme: "x-api" was successfully authenticated.
2023-08-18T18:28:00.0091455+05:30 [DBG] (TranSmart.API.Extensions.ApiKeyAuthenticationHandler) AuthenticationScheme: "x-api" was successfully authenticated.
2023-08-18T18:28:00.0091455+05:30 [DBG] (TranSmart.API.Extensions.ApiKeyAuthenticationHandler) AuthenticationScheme: "x-api" was successfully authenticated.
2023-08-18T18:28:00.0505836+05:30 [WRN] (Microsoft.EntityFrameworkCore.Query) The query uses a row limiting operator ('Skip'/'Take') without an 'OrderBy' operator. This may lead to unpredictable results. If the 'Distinct' operator is used after 'OrderBy', then make sure to use the 'OrderBy' operator after 'Distinct' as the ordering would otherwise get erased.
2023-08-18T18:28:00.0510143+05:30 [WRN] (Microsoft.EntityFrameworkCore.Query) The query uses a row limiting operator ('Skip'/'Take') without an 'OrderBy' operator. This may lead to unpredictable results. If the 'Distinct' operator is used after 'OrderBy', then make sure to use the 'OrderBy' operator after 'Distinct' as the ordering would otherwise get erased.
2023-08-18T18:28:01.1284036+05:30 [DBG] (TranSmart.API.Extensions.ApiKeyAuthenticationHandler) AuthenticationScheme: "x-api" was successfully authenticated.
2023-08-18T18:28:01.1478936+05:30 [DBG] (TranSmart.API.Extensions.ApiKeyAuthenticationHandler) AuthenticationScheme: "x-api" was successfully authenticated.
2023-08-18T18:28:01.1778115+05:30 [DBG] (TranSmart.API.Extensions.ApiKeyAuthenticationHandler) AuthenticationScheme: "x-api" was successfully authenticated.
2023-08-18T18:28:28.9172188+05:30 [DBG] (TranSmart.API.Extensions.ApiKeyAuthenticationHandler) AuthenticationScheme: "x-api" was successfully authenticated.
2023-08-18T18:28:29.0062148+05:30 [WRN] (Microsoft.EntityFrameworkCore.Query) Compiling a query which loads related collections for more than one collection navigation, either via 'Include' or through projection, but no 'QuerySplittingBehavior' has been configured. By default, Entity Framework will use 'QuerySplittingBehavior.SingleQuery', which can potentially result in slow query performance. See https://go.microsoft.com/fwlink/?linkid=2134277 for more information. To identify the query that's triggering this warning call 'ConfigureWarnings(w => w.Throw(RelationalEventId.MultipleCollectionIncludeWarning))'.
2023-08-18T18:28:29.2014360+05:30 [DBG] (TranSmart.API.Extensions.ApiKeyAuthenticationHandler) AuthenticationScheme: "x-api" was successfully authenticated.
2023-08-18T18:28:33.2131551+05:30 [DBG] (TranSmart.API.Extensions.ApiKeyAuthenticationHandler) AuthenticationScheme: "x-api" was successfully authenticated.
2023-08-18T18:28:33.2151548+05:30 [DBG] (TranSmart.API.Extensions.ApiKeyAuthenticationHandler) AuthenticationScheme: "x-api" was successfully authenticated.
2023-08-18T18:28:36.6232889+05:30 [DBG] (TranSmart.API.Extensions.ApiKeyAuthenticationHandler) AuthenticationScheme: "x-api" was successfully authenticated.
2023-08-18T18:28:36.6290372+05:30 [DBG] (TranSmart.API.Extensions.ApiKeyAuthenticationHandler) AuthenticationScheme: "x-api" was successfully authenticated.
2023-08-18T18:28:59.1311381+05:30 [WRN] (Microsoft.EntityFrameworkCore.Model.Validation) No store type was specified for the decimal property '"NewBalance"' on entity type '"AdjustLeave"'. This will cause values to be silently truncated if they do not fit in the default precision and scale. Explicitly specify the SQL server column type that can accommodate all the values in 'OnModelCreating' using 'HasColumnType', specify precision and scale using 'HasPrecision', or configure a value converter using 'HasConversion'.
2023-08-18T18:28:59.1699609+05:30 [WRN] (Microsoft.EntityFrameworkCore.Model.Validation) No store type was specified for the decimal property '"LeaveCount"' on entity type '"ApplyLeaveDetails"'. This will cause values to be silently truncated if they do not fit in the default precision and scale. Explicitly specify the SQL server column type that can accommodate all the values in 'OnModelCreating' using 'HasColumnType', specify precision and scale using 'HasPrecision', or configure a value converter using 'HasConversion'.
2023-08-18T18:28:59.1700967+05:30 [WRN] (Microsoft.EntityFrameworkCore.Model.Validation) No store type was specified for the decimal property '"NoOfLeaves"' on entity type '"ApplyLeaveType"'. This will cause values to be silently truncated if they do not fit in the default precision and scale. Explicitly specify the SQL server column type that can accommodate all the values in 'OnModelCreating' using 'HasColumnType', specify precision and scale using 'HasPrecision', or configure a value converter using 'HasConversion'.
2023-08-18T18:28:59.1701308+05:30 [WRN] (Microsoft.EntityFrameworkCore.Model.Validation) No store type was specified for the decimal property '"UADays"' on entity type '"Attendance"'. This will cause values to be silently truncated if they do not fit in the default precision and scale. Explicitly specify the SQL server column type that can accommodate all the values in 'OnModelCreating' using 'HasColumnType', specify precision and scale using 'HasPrecision', or configure a value converter using 'HasConversion'.
2023-08-18T18:28:59.1701898+05:30 [WRN] (Microsoft.EntityFrameworkCore.Model.Validation) No store type was specified for the decimal property '"LOP"' on entity type '"AttendanceSum"'. This will cause values to be silently truncated if they do not fit in the default precision and scale. Explicitly specify the SQL server column type that can accommodate all the values in 'OnModelCreating' using 'HasColumnType', specify precision and scale using 'HasPrecision', or configure a value converter using 'HasConversion'.
2023-08-18T18:28:59.1702054+05:30 [WRN] (Microsoft.EntityFrameworkCore.Model.Validation) No store type was specified for the decimal property '"NoOfLeaves"' on entity type '"AttendanceSum"'. This will cause values to be silently truncated if they do not fit in the default precision and scale. Explicitly specify the SQL server column type that can accommodate all the values in 'OnModelCreating' using 'HasColumnType', specify precision and scale using 'HasPrecision', or configure a value converter using 'HasConversion'.
2023-08-18T18:28:59.1702160+05:30 [WRN] (Microsoft.EntityFrameworkCore.Model.Validation) No store type was specified for the decimal property '"Present"' on entity type '"AttendanceSum"'. This will cause values to be silently truncated if they do not fit in the default precision and scale. Explicitly specify the SQL server column type that can accommodate all the values in 'OnModelCreating' using 'HasColumnType', specify precision and scale using 'HasPrecision', or configure a value converter using 'HasConversion'.
2023-08-18T18:28:59.1702250+05:30 [WRN] (Microsoft.EntityFrameworkCore.Model.Validation) No store type was specified for the decimal property '"Unauthorized"' on entity type '"AttendanceSum"'. This will cause values to be silently truncated if they do not fit in the default precision and scale. Explicitly specify the SQL server column type that can accommodate all the values in 'OnModelCreating' using 'HasColumnType', specify precision and scale using 'HasPrecision', or configure a value converter using 'HasConversion'.
2023-08-18T18:28:59.1702448+05:30 [WRN] (Microsoft.EntityFrameworkCore.Model.Validation) No store type was specified for the decimal property '"Leaves"' on entity type '"EmployeeLeaveBalanceQry"'. This will cause values to be silently truncated if they do not fit in the default precision and scale. Explicitly specify the SQL server column type that can accommodate all the values in 'OnModelCreating' using 'HasColumnType', specify precision and scale using 'HasPrecision', or configure a value converter using 'HasConversion'.
2023-08-18T18:28:59.1702645+05:30 [WRN] (Microsoft.EntityFrameworkCore.Model.Validation) No store type was specified for the decimal property '"Leaves"' on entity type '"LeaveBalance"'. This will cause values to be silently truncated if they do not fit in the default precision and scale. Explicitly specify the SQL server column type that can accommodate all the values in 'OnModelCreating' using 'HasColumnType', specify precision and scale using 'HasPrecision', or configure a value converter using 'HasConversion'.
2023-08-18T18:28:59.1702764+05:30 [WRN] (Microsoft.EntityFrameworkCore.Model.Validation) No store type was specified for the decimal property '"Leaves"' on entity type '"LeaveBalancesQry"'. This will cause values to be silently truncated if they do not fit in the default precision and scale. Explicitly specify the SQL server column type that can accommodate all the values in 'OnModelCreating' using 'HasColumnType', specify precision and scale using 'HasPrecision', or configure a value converter using 'HasConversion'.
2023-08-18T18:28:59.1703036+05:30 [WRN] (Microsoft.EntityFrameworkCore.Model.Validation) No store type was specified for the decimal property '"MaxApplications"' on entity type '"LeaveType"'. This will cause values to be silently truncated if they do not fit in the default precision and scale. Explicitly specify the SQL server column type that can accommodate all the values in 'OnModelCreating' using 'HasColumnType', specify precision and scale using 'HasPrecision', or configure a value converter using 'HasConversion'.
2023-08-18T18:28:59.1703328+05:30 [WRN] (Microsoft.EntityFrameworkCore.Model.Validation) No store type was specified for the decimal property '"MaxLeaves"' on entity type '"LeaveType"'. This will cause values to be silently truncated if they do not fit in the default precision and scale. Explicitly specify the SQL server column type that can accommodate all the values in 'OnModelCreating' using 'HasColumnType', specify precision and scale using 'HasPrecision', or configure a value converter using 'HasConversion'.
2023-08-18T18:28:59.1703447+05:30 [WRN] (Microsoft.EntityFrameworkCore.Model.Validation) No store type was specified for the decimal property '"MinLeaves"' on entity type '"LeaveType"'. This will cause values to be silently truncated if they do not fit in the default precision and scale. Explicitly specify the SQL server column type that can accommodate all the values in 'OnModelCreating' using 'HasColumnType', specify precision and scale using 'HasPrecision', or configure a value converter using 'HasConversion'.
2023-08-18T18:28:59.1704071+05:30 [WRN] (Microsoft.EntityFrameworkCore.Model.Validation) No store type was specified for the decimal property '"Percentage"' on entity type '"Result"'. This will cause values to be silently truncated if they do not fit in the default precision and scale. Explicitly specify the SQL server column type that can accommodate all the values in 'OnModelCreating' using 'HasColumnType', specify precision and scale using 'HasPrecision', or configure a value converter using 'HasConversion'.
2023-08-18T18:28:59.1704570+05:30 [WRN] (Microsoft.EntityFrameworkCore.Model.Validation) No store type was specified for the decimal property '"Percentage"' on entity type '"EmployeeEducation"'. This will cause values to be silently truncated if they do not fit in the default precision and scale. Explicitly specify the SQL server column type that can accommodate all the values in 'OnModelCreating' using 'HasColumnType', specify precision and scale using 'HasPrecision', or configure a value converter using 'HasConversion'.
2023-08-18T18:28:59.1705240+05:30 [WRN] (Microsoft.EntityFrameworkCore.Model.Validation) No store type was specified for the decimal property '"NumberOfDays"' on entity type '"Latecomers"'. This will cause values to be silently truncated if they do not fit in the default precision and scale. Explicitly specify the SQL server column type that can accommodate all the values in 'OnModelCreating' using 'HasColumnType', specify precision and scale using 'HasPrecision', or configure a value converter using 'HasConversion'.
2023-08-18T18:28:59.1705565+05:30 [WRN] (Microsoft.EntityFrameworkCore.Model.Validation) No store type was specified for the decimal property '"EducationCess"' on entity type '"DeclarationSetting"'. This will cause values to be silently truncated if they do not fit in the default precision and scale. Explicitly specify the SQL server column type that can accommodate all the values in 'OnModelCreating' using 'HasColumnType', specify precision and scale using 'HasPrecision', or configure a value converter using 'HasConversion'.
2023-08-18T18:28:59.1705773+05:30 [WRN] (Microsoft.EntityFrameworkCore.Model.Validation) No store type was specified for the decimal property '"EmployeesCont"' on entity type '"ESI"'. This will cause values to be silently truncated if they do not fit in the default precision and scale. Explicitly specify the SQL server column type that can accommodate all the values in 'OnModelCreating' using 'HasColumnType', specify precision and scale using 'HasPrecision', or configure a value converter using 'HasConversion'.
2023-08-18T18:28:59.1705894+05:30 [WRN] (Microsoft.EntityFrameworkCore.Model.Validation) No store type was specified for the decimal property '"EmployerCont"' on entity type '"ESI"'. This will cause values to be silently truncated if they do not fit in the default precision and scale. Explicitly specify the SQL server column type that can accommodate all the values in 'OnModelCreating' using 'HasColumnType', specify precision and scale using 'HasPrecision', or configure a value converter using 'HasConversion'.
2023-08-18T18:28:59.1706474+05:30 [WRN] (Microsoft.EntityFrameworkCore.Model.Validation) No store type was specified for the decimal property '"Days"' on entity type '"PayMonth"'. This will cause values to be silently truncated if they do not fit in the default precision and scale. Explicitly specify the SQL server column type that can accommodate all the values in 'OnModelCreating' using 'HasColumnType', specify precision and scale using 'HasPrecision', or configure a value converter using 'HasConversion'.
2023-08-18T18:28:59.1706687+05:30 [WRN] (Microsoft.EntityFrameworkCore.Model.Validation) No store type was specified for the decimal property '"LCDays"' on entity type '"PaySheet"'. This will cause values to be silently truncated if they do not fit in the default precision and scale. Explicitly specify the SQL server column type that can accommodate all the values in 'OnModelCreating' using 'HasColumnType', specify precision and scale using 'HasPrecision', or configure a value converter using 'HasConversion'.
2023-08-18T18:28:59.1706856+05:30 [WRN] (Microsoft.EntityFrameworkCore.Model.Validation) No store type was specified for the decimal property '"LOPDays"' on entity type '"PaySheet"'. This will cause values to be silently truncated if they do not fit in the default precision and scale. Explicitly specify the SQL server column type that can accommodate all the values in 'OnModelCreating' using 'HasColumnType', specify precision and scale using 'HasPrecision', or configure a value converter using 'HasConversion'.
2023-08-18T18:28:59.1706980+05:30 [WRN] (Microsoft.EntityFrameworkCore.Model.Validation) No store type was specified for the decimal property '"PresentDays"' on entity type '"PaySheet"'. This will cause values to be silently truncated if they do not fit in the default precision and scale. Explicitly specify the SQL server column type that can accommodate all the values in 'OnModelCreating' using 'HasColumnType', specify precision and scale using 'HasPrecision', or configure a value converter using 'HasConversion'.
2023-08-18T18:28:59.1707071+05:30 [WRN] (Microsoft.EntityFrameworkCore.Model.Validation) No store type was specified for the decimal property '"UADays"' on entity type '"PaySheet"'. This will cause values to be silently truncated if they do not fit in the default precision and scale. Explicitly specify the SQL server column type that can accommodate all the values in 'OnModelCreating' using 'HasColumnType', specify precision and scale using 'HasPrecision', or configure a value converter using 'HasConversion'.
2023-08-18T18:28:59.1707155+05:30 [WRN] (Microsoft.EntityFrameworkCore.Model.Validation) No store type was specified for the decimal property '"WorkDays"' on entity type '"PaySheet"'. This will cause values to be silently truncated if they do not fit in the default precision and scale. Explicitly specify the SQL server column type that can accommodate all the values in 'OnModelCreating' using 'HasColumnType', specify precision and scale using 'HasPrecision', or configure a value converter using 'HasConversion'.
2023-08-18T18:28:59.1707625+05:30 [WRN] (Microsoft.EntityFrameworkCore.Model.Validation) No store type was specified for the decimal property '"Percentage"' on entity type '"SalaryEarning"'. This will cause values to be silently truncated if they do not fit in the default precision and scale. Explicitly specify the SQL server column type that can accommodate all the values in 'OnModelCreating' using 'HasColumnType', specify precision and scale using 'HasPrecision', or configure a value converter using 'HasConversion'.
2023-08-18T18:28:59.1708163+05:30 [WRN] (Microsoft.EntityFrameworkCore.Model.Validation) No store type was specified for the decimal property '"Percentage"' on entity type '"SalaryEarningHistory"'. This will cause values to be silently truncated if they do not fit in the default precision and scale. Explicitly specify the SQL server column type that can accommodate all the values in 'OnModelCreating' using 'HasColumnType', specify precision and scale using 'HasPrecision', or configure a value converter using 'HasConversion'.
2023-08-18T18:28:59.1708326+05:30 [WRN] (Microsoft.EntityFrameworkCore.Model.Validation) No store type was specified for the decimal property '"AnnualCTC"' on entity type '"SalaryHistory"'. This will cause values to be silently truncated if they do not fit in the default precision and scale. Explicitly specify the SQL server column type that can accommodate all the values in 'OnModelCreating' using 'HasColumnType', specify precision and scale using 'HasPrecision', or configure a value converter using 'HasConversion'.
2023-08-18T18:28:59.1708470+05:30 [WRN] (Microsoft.EntityFrameworkCore.Model.Validation) No store type was specified for the decimal property '"CostToCompany"' on entity type '"SalaryHistory"'. This will cause values to be silently truncated if they do not fit in the default precision and scale. Explicitly specify the SQL server column type that can accommodate all the values in 'OnModelCreating' using 'HasColumnType', specify precision and scale using 'HasPrecision', or configure a value converter using 'HasConversion'.
2023-08-18T18:28:59.1708576+05:30 [WRN] (Microsoft.EntityFrameworkCore.Model.Validation) No store type was specified for the decimal property '"MonthlyCTC"' on entity type '"SalaryHistory"'. This will cause values to be silently truncated if they do not fit in the default precision and scale. Explicitly specify the SQL server column type that can accommodate all the values in 'OnModelCreating' using 'HasColumnType', specify precision and scale using 'HasPrecision', or configure a value converter using 'HasConversion'.
2023-08-18T18:30:21.3583779+05:30 [INF] (Microsoft.Hosting.Lifetime) Now listening on: "http://127.0.0.1:12373"
2023-08-18T18:30:21.3604931+05:30 [INF] (Microsoft.Hosting.Lifetime) Application started. Press Ctrl+C to shut down.
2023-08-18T18:30:21.3605546+05:30 [INF] (Microsoft.Hosting.Lifetime) Hosting environment: "Development"
2023-08-18T18:30:21.3605835+05:30 [INF] (Microsoft.Hosting.Lifetime) Content root path: "C:\IHMS\server\Transmart.API\"
2023-08-18T18:30:21.6952797+05:30 [INF] (TranSmart.API.Controllers.ValuesController) Writing to log file with INFORMATION severity level.
2023-08-18T18:30:21.7011076+05:30 [DBG] (TranSmart.API.Controllers.ValuesController) Writing to log file with DEBUG severity level.
2023-08-18T18:30:21.7011454+05:30 [WRN] (TranSmart.API.Controllers.ValuesController) Writing to log file with WARNING severity level.
2023-08-18T18:30:21.7011902+05:30 [ERR] (TranSmart.API.Controllers.ValuesController) Writing to log file with ERROR severity level.
2023-08-18T18:30:21.7012163+05:30 [FTL] (TranSmart.API.Controllers.ValuesController) Writing to log file with CRITICAL severity level.
2023-08-18T18:30:22.2799356+05:30 [DBG] (TranSmart.API.Extensions.ApiKeyAuthenticationHandler) AuthenticationScheme: "x-api" was successfully authenticated.
2023-08-18T18:30:22.2799385+05:30 [DBG] (TranSmart.API.Extensions.ApiKeyAuthenticationHandler) AuthenticationScheme: "x-api" was successfully authenticated.
2023-08-18T18:30:37.9596623+05:30 [WRN] (Microsoft.EntityFrameworkCore.Model.Validation) No store type was specified for the decimal property '"NewBalance"' on entity type '"AdjustLeave"'. This will cause values to be silently truncated if they do not fit in the default precision and scale. Explicitly specify the SQL server column type that can accommodate all the values in 'OnModelCreating' using 'HasColumnType', specify precision and scale using 'HasPrecision', or configure a value converter using 'HasConversion'.
2023-08-18T18:30:37.9977690+05:30 [WRN] (Microsoft.EntityFrameworkCore.Model.Validation) No store type was specified for the decimal property '"LeaveCount"' on entity type '"ApplyLeaveDetails"'. This will cause values to be silently truncated if they do not fit in the default precision and scale. Explicitly specify the SQL server column type that can accommodate all the values in 'OnModelCreating' using 'HasColumnType', specify precision and scale using 'HasPrecision', or configure a value converter using 'HasConversion'.
2023-08-18T18:30:37.9978873+05:30 [WRN] (Microsoft.EntityFrameworkCore.Model.Validation) No store type was specified for the decimal property '"NoOfLeaves"' on entity type '"ApplyLeaveType"'. This will cause values to be silently truncated if they do not fit in the default precision and scale. Explicitly specify the SQL server column type that can accommodate all the values in 'OnModelCreating' using 'HasColumnType', specify precision and scale using 'HasPrecision', or configure a value converter using 'HasConversion'.
2023-08-18T18:30:37.9979226+05:30 [WRN] (Microsoft.EntityFrameworkCore.Model.Validation) No store type was specified for the decimal property '"UADays"' on entity type '"Attendance"'. This will cause values to be silently truncated if they do not fit in the default precision and scale. Explicitly specify the SQL server column type that can accommodate all the values in 'OnModelCreating' using 'HasColumnType', specify precision and scale using 'HasPrecision', or configure a value converter using 'HasConversion'.
2023-08-18T18:30:37.9979375+05:30 [WRN] (Microsoft.EntityFrameworkCore.Model.Validation) No store type was specified for the decimal property '"LOP"' on entity type '"AttendanceSum"'. This will cause values to be silently truncated if they do not fit in the default precision and scale. Explicitly specify the SQL server column type that can accommodate all the values in 'OnModelCreating' using 'HasColumnType', specify precision and scale using 'HasPrecision', or configure a value converter using 'HasConversion'.
2023-08-18T18:30:37.9979477+05:30 [WRN] (Microsoft.EntityFrameworkCore.Model.Validation) No store type was specified for the decimal property '"NoOfLeaves"' on entity type '"AttendanceSum"'. This will cause values to be silently truncated if they do not fit in the default precision and scale. Explicitly specify the SQL server column type that can accommodate all the values in 'OnModelCreating' using 'HasColumnType', specify precision and scale using 'HasPrecision', or configure a value converter using 'HasConversion'.
2023-08-18T18:30:37.9979644+05:30 [WRN] (Microsoft.EntityFrameworkCore.Model.Validation) No store type was specified for the decimal property '"Present"' on entity type '"AttendanceSum"'. This will cause values to be silently truncated if they do not fit in the default precision and scale. Explicitly specify the SQL server column type that can accommodate all the values in 'OnModelCreating' using 'HasColumnType', specify precision and scale using 'HasPrecision', or configure a value converter using 'HasConversion'.
2023-08-18T18:30:37.9979731+05:30 [WRN] (Microsoft.EntityFrameworkCore.Model.Validation) No store type was specified for the decimal property '"Unauthorized"' on entity type '"AttendanceSum"'. This will cause values to be silently truncated if they do not fit in the default precision and scale. Explicitly specify the SQL server column type that can accommodate all the values in 'OnModelCreating' using 'HasColumnType', specify precision and scale using 'HasPrecision', or configure a value converter using 'HasConversion'.
2023-08-18T18:30:37.9979864+05:30 [WRN] (Microsoft.EntityFrameworkCore.Model.Validation) No store type was specified for the decimal property '"Leaves"' on entity type '"EmployeeLeaveBalanceQry"'. This will cause values to be silently truncated if they do not fit in the default precision and scale. Explicitly specify the SQL server column type that can accommodate all the values in 'OnModelCreating' using 'HasColumnType', specify precision and scale using 'HasPrecision', or configure a value converter using 'HasConversion'.
2023-08-18T18:30:37.9980313+05:30 [WRN] (Microsoft.EntityFrameworkCore.Model.Validation) No store type was specified for the decimal property '"Leaves"' on entity type '"LeaveBalance"'. This will cause values to be silently truncated if they do not fit in the default precision and scale. Explicitly specify the SQL server column type that can accommodate all the values in 'OnModelCreating' using 'HasColumnType', specify precision and scale using 'HasPrecision', or configure a value converter using 'HasConversion'.
2023-08-18T18:30:37.9980470+05:30 [WRN] (Microsoft.EntityFrameworkCore.Model.Validation) No store type was specified for the decimal property '"Leaves"' on entity type '"LeaveBalancesQry"'. This will cause values to be silently truncated if they do not fit in the default precision and scale. Explicitly specify the SQL server column type that can accommodate all the values in 'OnModelCreating' using 'HasColumnType', specify precision and scale using 'HasPrecision', or configure a value converter using 'HasConversion'.
2023-08-18T18:30:37.9980676+05:30 [WRN] (Microsoft.EntityFrameworkCore.Model.Validation) No store type was specified for the decimal property '"MaxApplications"' on entity type '"LeaveType"'. This will cause values to be silently truncated if they do not fit in the default precision and scale. Explicitly specify the SQL server column type that can accommodate all the values in 'OnModelCreating' using 'HasColumnType', specify precision and scale using 'HasPrecision', or configure a value converter using 'HasConversion'.
2023-08-18T18:30:37.9980764+05:30 [WRN] (Microsoft.EntityFrameworkCore.Model.Validation) No store type was specified for the decimal property '"MaxLeaves"' on entity type '"LeaveType"'. This will cause values to be silently truncated if they do not fit in the default precision and scale. Explicitly specify the SQL server column type that can accommodate all the values in 'OnModelCreating' using 'HasColumnType', specify precision and scale using 'HasPrecision', or configure a value converter using 'HasConversion'.
2023-08-18T18:30:37.9980890+05:30 [WRN] (Microsoft.EntityFrameworkCore.Model.Validation) No store type was specified for the decimal property '"MinLeaves"' on entity type '"LeaveType"'. This will cause values to be silently truncated if they do not fit in the default precision and scale. Explicitly specify the SQL server column type that can accommodate all the values in 'OnModelCreating' using 'HasColumnType', specify precision and scale using 'HasPrecision', or configure a value converter using 'HasConversion'.
2023-08-18T18:30:37.9981454+05:30 [WRN] (Microsoft.EntityFrameworkCore.Model.Validation) No store type was specified for the decimal property '"Percentage"' on entity type '"Result"'. This will cause values to be silently truncated if they do not fit in the default precision and scale. Explicitly specify the SQL server column type that can accommodate all the values in 'OnModelCreating' using 'HasColumnType', specify precision and scale using 'HasPrecision', or configure a value converter using 'HasConversion'.
2023-08-18T18:30:37.9981999+05:30 [WRN] (Microsoft.EntityFrameworkCore.Model.Validation) No store type was specified for the decimal property '"Percentage"' on entity type '"EmployeeEducation"'. This will cause values to be silently truncated if they do not fit in the default precision and scale. Explicitly specify the SQL server column type that can accommodate all the values in 'OnModelCreating' using 'HasColumnType', specify precision and scale using 'HasPrecision', or configure a value converter using 'HasConversion'.
2023-08-18T18:30:37.9982694+05:30 [WRN] (Microsoft.EntityFrameworkCore.Model.Validation) No store type was specified for the decimal property '"NumberOfDays"' on entity type '"Latecomers"'. This will cause values to be silently truncated if they do not fit in the default precision and scale. Explicitly specify the SQL server column type that can accommodate all the values in 'OnModelCreating' using 'HasColumnType', specify precision and scale using 'HasPrecision', or configure a value converter using 'HasConversion'.
2023-08-18T18:30:37.9982980+05:30 [WRN] (Microsoft.EntityFrameworkCore.Model.Validation) No store type was specified for the decimal property '"EducationCess"' on entity type '"DeclarationSetting"'. This will cause values to be silently truncated if they do not fit in the default precision and scale. Explicitly specify the SQL server column type that can accommodate all the values in 'OnModelCreating' using 'HasColumnType', specify precision and scale using 'HasPrecision', or configure a value converter using 'HasConversion'.
2023-08-18T18:30:37.9983239+05:30 [WRN] (Microsoft.EntityFrameworkCore.Model.Validation) No store type was specified for the decimal property '"EmployeesCont"' on entity type '"ESI"'. This will cause values to be silently truncated if they do not fit in the default precision and scale. Explicitly specify the SQL server column type that can accommodate all the values in 'OnModelCreating' using 'HasColumnType', specify precision and scale using 'HasPrecision', or configure a value converter using 'HasConversion'.
2023-08-18T18:30:37.9983338+05:30 [WRN] (Microsoft.EntityFrameworkCore.Model.Validation) No store type was specified for the decimal property '"EmployerCont"' on entity type '"ESI"'. This will cause values to be silently truncated if they do not fit in the default precision and scale. Explicitly specify the SQL server column type that can accommodate all the values in 'OnModelCreating' using 'HasColumnType', specify precision and scale using 'HasPrecision', or configure a value converter using 'HasConversion'.
2023-08-18T18:30:37.9983864+05:30 [WRN] (Microsoft.EntityFrameworkCore.Model.Validation) No store type was specified for the decimal property '"Days"' on entity type '"PayMonth"'. This will cause values to be silently truncated if they do not fit in the default precision and scale. Explicitly specify the SQL server column type that can accommodate all the values in 'OnModelCreating' using 'HasColumnType', specify precision and scale using 'HasPrecision', or configure a value converter using 'HasConversion'.
2023-08-18T18:30:37.9984116+05:30 [WRN] (Microsoft.EntityFrameworkCore.Model.Validation) No store type was specified for the decimal property '"LCDays"' on entity type '"PaySheet"'. This will cause values to be silently truncated if they do not fit in the default precision and scale. Explicitly specify the SQL server column type that can accommodate all the values in 'OnModelCreating' using 'HasColumnType', specify precision and scale using 'HasPrecision', or configure a value converter using 'HasConversion'.
2023-08-18T18:30:37.9984207+05:30 [WRN] (Microsoft.EntityFrameworkCore.Model.Validation) No store type was specified for the decimal property '"LOPDays"' on entity type '"PaySheet"'. This will cause values to be silently truncated if they do not fit in the default precision and scale. Explicitly specify the SQL server column type that can accommodate all the values in 'OnModelCreating' using 'HasColumnType', specify precision and scale using 'HasPrecision', or configure a value converter using 'HasConversion'.
2023-08-18T18:30:37.9984311+05:30 [WRN] (Microsoft.EntityFrameworkCore.Model.Validation) No store type was specified for the decimal property '"PresentDays"' on entity type '"PaySheet"'. This will cause values to be silently truncated if they do not fit in the default precision and scale. Explicitly specify the SQL server column type that can accommodate all the values in 'OnModelCreating' using 'HasColumnType', specify precision and scale using 'HasPrecision', or configure a value converter using 'HasConversion'.
2023-08-18T18:30:37.9984398+05:30 [WRN] (Microsoft.EntityFrameworkCore.Model.Validation) No store type was specified for the decimal property '"UADays"' on entity type '"PaySheet"'. This will cause values to be silently truncated if they do not fit in the default precision and scale. Explicitly specify the SQL server column type that can accommodate all the values in 'OnModelCreating' using 'HasColumnType', specify precision and scale using 'HasPrecision', or configure a value converter using 'HasConversion'.
2023-08-18T18:30:37.9984750+05:30 [WRN] (Microsoft.EntityFrameworkCore.Model.Validation) No store type was specified for the decimal property '"WorkDays"' on entity type '"PaySheet"'. This will cause values to be silently truncated if they do not fit in the default precision and scale. Explicitly specify the SQL server column type that can accommodate all the values in 'OnModelCreating' using 'HasColumnType', specify precision and scale using 'HasPrecision', or configure a value converter using 'HasConversion'.
2023-08-18T18:30:37.9985158+05:30 [WRN] (Microsoft.EntityFrameworkCore.Model.Validation) No store type was specified for the decimal property '"Percentage"' on entity type '"SalaryEarning"'. This will cause values to be silently truncated if they do not fit in the default precision and scale. Explicitly specify the SQL server column type that can accommodate all the values in 'OnModelCreating' using 'HasColumnType', specify precision and scale using 'HasPrecision', or configure a value converter using 'HasConversion'.
2023-08-18T18:30:37.9985341+05:30 [WRN] (Microsoft.EntityFrameworkCore.Model.Validation) No store type was specified for the decimal property '"Percentage"' on entity type '"SalaryEarningHistory"'. This will cause values to be silently truncated if they do not fit in the default precision and scale. Explicitly specify the SQL server column type that can accommodate all the values in 'OnModelCreating' using 'HasColumnType', specify precision and scale using 'HasPrecision', or configure a value converter using 'HasConversion'.
2023-08-18T18:30:37.9985534+05:30 [WRN] (Microsoft.EntityFrameworkCore.Model.Validation) No store type was specified for the decimal property '"AnnualCTC"' on entity type '"SalaryHistory"'. This will cause values to be silently truncated if they do not fit in the default precision and scale. Explicitly specify the SQL server column type that can accommodate all the values in 'OnModelCreating' using 'HasColumnType', specify precision and scale using 'HasPrecision', or configure a value converter using 'HasConversion'.
2023-08-18T18:30:37.9985623+05:30 [WRN] (Microsoft.EntityFrameworkCore.Model.Validation) No store type was specified for the decimal property '"CostToCompany"' on entity type '"SalaryHistory"'. This will cause values to be silently truncated if they do not fit in the default precision and scale. Explicitly specify the SQL server column type that can accommodate all the values in 'OnModelCreating' using 'HasColumnType', specify precision and scale using 'HasPrecision', or configure a value converter using 'HasConversion'.
2023-08-18T18:30:37.9985721+05:30 [WRN] (Microsoft.EntityFrameworkCore.Model.Validation) No store type was specified for the decimal property '"MonthlyCTC"' on entity type '"SalaryHistory"'. This will cause values to be silently truncated if they do not fit in the default precision and scale. Explicitly specify the SQL server column type that can accommodate all the values in 'OnModelCreating' using 'HasColumnType', specify precision and scale using 'HasPrecision', or configure a value converter using 'HasConversion'.
2023-08-18T18:30:48.2362147+05:30 [INF] (Microsoft.Hosting.Lifetime) Now listening on: "http://127.0.0.1:46477"
2023-08-18T18:30:48.2383018+05:30 [INF] (Microsoft.Hosting.Lifetime) Application started. Press Ctrl+C to shut down.
2023-08-18T18:30:48.2383664+05:30 [INF] (Microsoft.Hosting.Lifetime) Hosting environment: "Development"
2023-08-18T18:30:48.2384017+05:30 [INF] (Microsoft.Hosting.Lifetime) Content root path: "C:\IHMS\server\Transmart.API\"
2023-08-18T18:30:48.6266636+05:30 [INF] (TranSmart.API.Controllers.ValuesController) Writing to log file with INFORMATION severity level.
2023-08-18T18:30:48.6278387+05:30 [DBG] (TranSmart.API.Controllers.ValuesController) Writing to log file with DEBUG severity level.
2023-08-18T18:30:48.6278791+05:30 [WRN] (TranSmart.API.Controllers.ValuesController) Writing to log file with WARNING severity level.
2023-08-18T18:30:48.6279013+05:30 [ERR] (TranSmart.API.Controllers.ValuesController) Writing to log file with ERROR severity level.
2023-08-18T18:30:48.6279196+05:30 [FTL] (TranSmart.API.Controllers.ValuesController) Writing to log file with CRITICAL severity level.
2023-08-18T18:31:05.0824477+05:30 [DBG] (TranSmart.API.Extensions.ApiKeyAuthenticationHandler) AuthenticationScheme: "x-api" was successfully authenticated.
2023-08-18T18:31:05.0824523+05:30 [DBG] (TranSmart.API.Extensions.ApiKeyAuthenticationHandler) AuthenticationScheme: "x-api" was successfully authenticated.
2023-08-18T18:32:20.4471557+05:30 [DBG] (TranSmart.API.Extensions.ApiKeyAuthenticationHandler) AuthenticationScheme: "x-api" was successfully authenticated.
2023-08-18T18:32:20.4471556+05:30 [DBG] (TranSmart.API.Extensions.ApiKeyAuthenticationHandler) AuthenticationScheme: "x-api" was successfully authenticated.
2023-08-18T18:32:28.6905459+05:30 [DBG] (TranSmart.API.Extensions.ApiKeyAuthenticationHandler) AuthenticationScheme: "x-api" was successfully authenticated.
2023-08-18T18:32:28.6977412+05:30 [DBG] (TranSmart.API.Extensions.ApiKeyAuthenticationHandler) AuthenticationScheme: "x-api" was successfully authenticated.
2023-08-18T18:32:28.7145689+05:30 [WRN] (Microsoft.EntityFrameworkCore.Query) The query uses a row limiting operator ('Skip'/'Take') without an 'OrderBy' operator. This may lead to unpredictable results. If the 'Distinct' operator is used after 'OrderBy', then make sure to use the 'OrderBy' operator after 'Distinct' as the ordering would otherwise get erased.
2023-08-18T18:32:28.7147307+05:30 [WRN] (Microsoft.EntityFrameworkCore.Query) The query uses a row limiting operator ('Skip'/'Take') without an 'OrderBy' operator. This may lead to unpredictable results. If the 'Distinct' operator is used after 'OrderBy', then make sure to use the 'OrderBy' operator after 'Distinct' as the ordering would otherwise get erased.
2023-08-18T18:32:31.2775342+05:30 [DBG] (TranSmart.API.Extensions.ApiKeyAuthenticationHandler) AuthenticationScheme: "x-api" was successfully authenticated.
2023-08-18T18:32:31.2980891+05:30 [DBG] (TranSmart.API.Extensions.ApiKeyAuthenticationHandler) AuthenticationScheme: "x-api" was successfully authenticated.
2023-08-18T18:32:31.3216344+05:30 [DBG] (TranSmart.API.Extensions.ApiKeyAuthenticationHandler) AuthenticationScheme: "x-api" was successfully authenticated.
2023-08-18T18:32:42.3125932+05:30 [DBG] (TranSmart.API.Extensions.ApiKeyAuthenticationHandler) AuthenticationScheme: "x-api" was successfully authenticated.
2023-08-18T18:32:44.8132157+05:30 [WRN] (Microsoft.EntityFrameworkCore.Query) Compiling a query which loads related collections for more than one collection navigation, either via 'Include' or through projection, but no 'QuerySplittingBehavior' has been configured. By default, Entity Framework will use 'QuerySplittingBehavior.SingleQuery', which can potentially result in slow query performance. See https://go.microsoft.com/fwlink/?linkid=2134277 for more information. To identify the query that's triggering this warning call 'ConfigureWarnings(w => w.Throw(RelationalEventId.MultipleCollectionIncludeWarning))'.
2023-08-18T18:32:45.2034018+05:30 [INF] (TranSmart.API.Extensions.ApiKeyAuthenticationHandler) "x-api" was not authenticated. Failure message: "Unauthorized"
2023-08-18T18:32:45.2057324+05:30 [INF] (TranSmart.API.Extensions.ApiKeyAuthenticationHandler) AuthenticationScheme: "x-api" was challenged.
2023-08-18T18:32:45.4132586+05:30 [DBG] (TranSmart.API.Extensions.ApiKeyAuthenticationHandler) AuthenticationScheme: "x-api" was successfully authenticated.
2023-08-18T18:32:56.1714830+05:30 [DBG] (TranSmart.API.Extensions.ApiKeyAuthenticationHandler) AuthenticationScheme: "x-api" was successfully authenticated.
2023-08-18T18:32:56.1718825+05:30 [DBG] (TranSmart.API.Extensions.ApiKeyAuthenticationHandler) AuthenticationScheme: "x-api" was successfully authenticated.
2023-08-18T18:33:31.6321544+05:30 [DBG] (TranSmart.API.Extensions.ApiKeyAuthenticationHandler) AuthenticationScheme: "x-api" was successfully authenticated.
2023-08-18T18:33:31.6321545+05:30 [DBG] (TranSmart.API.Extensions.ApiKeyAuthenticationHandler) AuthenticationScheme: "x-api" was successfully authenticated.
